<?xml version="1.0" encoding="UTF-8"?>
<testsuite name="tobystudyproject.tobystudyproject.UserDaoTest" tests="3" skipped="0" failures="3" errors="0" timestamp="2022-10-03T05:56:24" hostname="DESKTOP-EG5O7RM" time="0.689">
  <properties/>
  <testcase name="getAll()" classname="tobystudyproject.tobystudyproject.UserDaoTest" time="0.479">
    <failure message="org.springframework.dao.DataIntegrityViolationException: PreparedStatementCallback; SQL [insert into user (id, name, password, level, login, recommend) values(?,?,?,?,?,?)]; Data conversion error converting &quot;X'aced00057e720027746f6279737475647970726f6a6563742e746f6279737475647970726f6a6563742e4c6576656c00000000000000001200007872000e6a6176612e6c616e672e456e756d000000000000000012000078707400054241534943' (USER: &quot;&quot;LEVEL&quot;&quot; NUMBER)&quot;; SQL statement:&#10;insert into user (id, name, password, level, login, recommend) values(?,?,?,?,?,?) [22018-214]; nested exception is org.h2.jdbc.JdbcSQLDataException: Data conversion error converting &quot;X'aced00057e720027746f6279737475647970726f6a6563742e746f6279737475647970726f6a6563742e4c6576656c00000000000000001200007872000e6a6176612e6c616e672e456e756d000000000000000012000078707400054241534943' (USER: &quot;&quot;LEVEL&quot;&quot; NUMBER)&quot;; SQL statement:&#10;insert into user (id, name, password, level, login, recommend) values(?,?,?,?,?,?) [22018-200]&#13;&#10;&#9;at org.h2.message.DbException.getJdbcSQLException(DbException.java:457)&#13;&#10;&#9;at org.h2.message.DbException.getJdbcSQLException(DbException.java:429)&#13;&#10;&#9;at org.h2.message.DbException.get(DbException.java:194)&#13;&#10;&#9;at org.h2.table.Column.getDataConversionError(Column.java:409)&#13;&#10;&#9;at org.h2.table.Column.validateConvertUpdateSequence(Column.java:381)&#13;&#10;&#9;at org.h2.table.Table.validateConvertUpdateSequence(Table.java:845)&#13;&#10;&#9;at org.h2.command.dml.Insert.insertRows(Insert.java:187)&#13;&#10;&#9;at org.h2.command.dml.Insert.update(Insert.java:151)&#13;&#10;&#9;at org.h2.command.CommandContainer.update(CommandContainer.java:198)&#13;&#10;&#9;at org.h2.command.Command.executeUpdate(Command.java:251)&#13;&#10;&#9;at org.h2.server.TcpServerThread.process(TcpServerThread.java:406)&#13;&#10;&#9;at org.h2.server.TcpServerThread.run(TcpServerThread.java:183)&#13;&#10;&#9;at java.base/java.lang.Thread.run(Thread.java:834)&#13;&#10;Caused by: org.h2.message.DbException: Data conversion error converting &quot;aced00057e720027746f6279737475647970726f6a6563742e746f6279737475647970726f6a6563742e4c6576656c00000000000000001200007872000e6a6176612e6c616e672e456e756d000000000000000012000078707400054241534943&quot; [22018-200]&#13;&#10;&#9;at org.h2.message.DbException.get(DbException.java:194)&#13;&#10;&#9;at org.h2.value.Value.convertTo(Value.java:875)&#13;&#10;&#9;at org.h2.value.Value.convertTo(Value.java:772)&#13;&#10;&#9;at org.h2.value.TypeInfo.cast(TypeInfo.java:515)&#13;&#10;&#9;at org.h2.table.Column.validateConvertUpdateSequence(Column.java:378)&#13;&#10;&#9;... 8 more&#13;&#10;Caused by: org.h2.jdbc.JdbcSQLDataException: Data conversion error converting &quot;aced00057e720027746f6279737475647970726f6a6563742e746f6279737475647970726f6a6563742e4c6576656c00000000000000001200007872000e6a6176612e6c616e672e456e756d000000000000000012000078707400054241534943&quot; [22018-200]&#13;&#10;&#9;at org.h2.message.DbException.getJdbcSQLException(DbException.java:457)&#13;&#10;&#9;at org.h2.message.DbException.getJdbcSQLException(DbException.java:429)&#13;&#10;&#9;... 13 more&#13;&#10;Caused by: java.lang.NumberFormatException: Character array is missing &quot;e&quot; notation exponential mark.&#13;&#10;&#9;at java.base/java.math.BigDecimal.&lt;init&gt;(BigDecimal.java:577)&#13;&#10;&#9;at java.base/java.math.BigDecimal.&lt;init&gt;(BigDecimal.java:401)&#13;&#10;&#9;at java.base/java.math.BigDecimal.&lt;init&gt;(BigDecimal.java:834)&#13;&#10;&#9;at org.h2.value.Value.convertToDecimal(Value.java:1031)&#13;&#10;&#9;at org.h2.value.Value.convertTo(Value.java:810)&#13;&#10;&#9;... 11 more&#13;&#10;" type="org.springframework.dao.DataIntegrityViolationException">org.springframework.dao.DataIntegrityViolationException: PreparedStatementCallback; SQL [insert into user (id, name, password, level, login, recommend) values(?,?,?,?,?,?)]; Data conversion error converting &quot;X'aced00057e720027746f6279737475647970726f6a6563742e746f6279737475647970726f6a6563742e4c6576656c00000000000000001200007872000e6a6176612e6c616e672e456e756d000000000000000012000078707400054241534943' (USER: &quot;&quot;LEVEL&quot;&quot; NUMBER)&quot;; SQL statement:
insert into user (id, name, password, level, login, recommend) values(?,?,?,?,?,?) [22018-214]; nested exception is org.h2.jdbc.JdbcSQLDataException: Data conversion error converting &quot;X'aced00057e720027746f6279737475647970726f6a6563742e746f6279737475647970726f6a6563742e4c6576656c00000000000000001200007872000e6a6176612e6c616e672e456e756d000000000000000012000078707400054241534943' (USER: &quot;&quot;LEVEL&quot;&quot; NUMBER)&quot;; SQL statement:
insert into user (id, name, password, level, login, recommend) values(?,?,?,?,?,?) [22018-200]
	at org.h2.message.DbException.getJdbcSQLException(DbException.java:457)
	at org.h2.message.DbException.getJdbcSQLException(DbException.java:429)
	at org.h2.message.DbException.get(DbException.java:194)
	at org.h2.table.Column.getDataConversionError(Column.java:409)
	at org.h2.table.Column.validateConvertUpdateSequence(Column.java:381)
	at org.h2.table.Table.validateConvertUpdateSequence(Table.java:845)
	at org.h2.command.dml.Insert.insertRows(Insert.java:187)
	at org.h2.command.dml.Insert.update(Insert.java:151)
	at org.h2.command.CommandContainer.update(CommandContainer.java:198)
	at org.h2.command.Command.executeUpdate(Command.java:251)
	at org.h2.server.TcpServerThread.process(TcpServerThread.java:406)
	at org.h2.server.TcpServerThread.run(TcpServerThread.java:183)
	at java.base/java.lang.Thread.run(Thread.java:834)
Caused by: org.h2.message.DbException: Data conversion error converting &quot;aced00057e720027746f6279737475647970726f6a6563742e746f6279737475647970726f6a6563742e4c6576656c00000000000000001200007872000e6a6176612e6c616e672e456e756d000000000000000012000078707400054241534943&quot; [22018-200]
	at org.h2.message.DbException.get(DbException.java:194)
	at org.h2.value.Value.convertTo(Value.java:875)
	at org.h2.value.Value.convertTo(Value.java:772)
	at org.h2.value.TypeInfo.cast(TypeInfo.java:515)
	at org.h2.table.Column.validateConvertUpdateSequence(Column.java:378)
	... 8 more
Caused by: org.h2.jdbc.JdbcSQLDataException: Data conversion error converting &quot;aced00057e720027746f6279737475647970726f6a6563742e746f6279737475647970726f6a6563742e4c6576656c00000000000000001200007872000e6a6176612e6c616e672e456e756d000000000000000012000078707400054241534943&quot; [22018-200]
	at org.h2.message.DbException.getJdbcSQLException(DbException.java:457)
	at org.h2.message.DbException.getJdbcSQLException(DbException.java:429)
	... 13 more
Caused by: java.lang.NumberFormatException: Character array is missing &quot;e&quot; notation exponential mark.
	at java.base/java.math.BigDecimal.&lt;init&gt;(BigDecimal.java:577)
	at java.base/java.math.BigDecimal.&lt;init&gt;(BigDecimal.java:401)
	at java.base/java.math.BigDecimal.&lt;init&gt;(BigDecimal.java:834)
	at org.h2.value.Value.convertToDecimal(Value.java:1031)
	at org.h2.value.Value.convertTo(Value.java:810)
	... 11 more

	at app//org.springframework.jdbc.support.SQLErrorCodeSQLExceptionTranslator.doTranslate(SQLErrorCodeSQLExceptionTranslator.java:251)
	at app//org.springframework.jdbc.support.AbstractFallbackSQLExceptionTranslator.translate(AbstractFallbackSQLExceptionTranslator.java:70)
	at app//org.springframework.jdbc.core.JdbcTemplate.translateException(JdbcTemplate.java:1541)
	at app//org.springframework.jdbc.core.JdbcTemplate.execute(JdbcTemplate.java:667)
	at app//org.springframework.jdbc.core.JdbcTemplate.update(JdbcTemplate.java:960)
	at app//org.springframework.jdbc.core.JdbcTemplate.update(JdbcTemplate.java:1015)
	at app//org.springframework.jdbc.core.JdbcTemplate.update(JdbcTemplate.java:1025)
	at app//tobystudyproject.tobystudyproject.before.UserDao.add(UserDao.java:41)
	at app//tobystudyproject.tobystudyproject.UserDaoTest.getAll(UserDaoTest.java:72)
	at java.base@11.0.16/jdk.internal.reflect.NativeMethodAccessorImpl.invoke0(Native Method)
	at java.base@11.0.16/jdk.internal.reflect.NativeMethodAccessorImpl.invoke(NativeMethodAccessorImpl.java:62)
	at java.base@11.0.16/jdk.internal.reflect.DelegatingMethodAccessorImpl.invoke(DelegatingMethodAccessorImpl.java:43)
	at java.base@11.0.16/java.lang.reflect.Method.invoke(Method.java:566)
	at app//org.junit.platform.commons.util.ReflectionUtils.invokeMethod(ReflectionUtils.java:725)
	at app//org.junit.jupiter.engine.execution.MethodInvocation.proceed(MethodInvocation.java:60)
	at app//org.junit.jupiter.engine.execution.InvocationInterceptorChain$ValidatingInvocation.proceed(InvocationInterceptorChain.java:131)
	at app//org.junit.jupiter.engine.extension.TimeoutExtension.intercept(TimeoutExtension.java:149)
	at app//org.junit.jupiter.engine.extension.TimeoutExtension.interceptTestableMethod(TimeoutExtension.java:140)
	at app//org.junit.jupiter.engine.extension.TimeoutExtension.interceptTestMethod(TimeoutExtension.java:84)
	at app//org.junit.jupiter.engine.execution.ExecutableInvoker$ReflectiveInterceptorCall.lambda$ofVoidMethod$0(ExecutableInvoker.java:115)
	at app//org.junit.jupiter.engine.execution.ExecutableInvoker.lambda$invoke$0(ExecutableInvoker.java:105)
	at app//org.junit.jupiter.engine.execution.InvocationInterceptorChain$InterceptedInvocation.proceed(InvocationInterceptorChain.java:106)
	at app//org.junit.jupiter.engine.execution.InvocationInterceptorChain.proceed(InvocationInterceptorChain.java:64)
	at app//org.junit.jupiter.engine.execution.InvocationInterceptorChain.chainAndInvoke(InvocationInterceptorChain.java:45)
	at app//org.junit.jupiter.engine.execution.InvocationInterceptorChain.invoke(InvocationInterceptorChain.java:37)
	at app//org.junit.jupiter.engine.execution.ExecutableInvoker.invoke(ExecutableInvoker.java:104)
	at app//org.junit.jupiter.engine.execution.ExecutableInvoker.invoke(ExecutableInvoker.java:98)
	at app//org.junit.jupiter.engine.descriptor.TestMethodTestDescriptor.lambda$invokeTestMethod$7(TestMethodTestDescriptor.java:214)
	at app//org.junit.platform.engine.support.hierarchical.ThrowableCollector.execute(ThrowableCollector.java:73)
	at app//org.junit.jupiter.engine.descriptor.TestMethodTestDescriptor.invokeTestMethod(TestMethodTestDescriptor.java:210)
	at app//org.junit.jupiter.engine.descriptor.TestMethodTestDescriptor.execute(TestMethodTestDescriptor.java:135)
	at app//org.junit.jupiter.engine.descriptor.TestMethodTestDescriptor.execute(TestMethodTestDescriptor.java:66)
	at app//org.junit.platform.engine.support.hierarchical.NodeTestTask.lambda$executeRecursively$6(NodeTestTask.java:151)
	at app//org.junit.platform.engine.support.hierarchical.ThrowableCollector.execute(ThrowableCollector.java:73)
	at app//org.junit.platform.engine.support.hierarchical.NodeTestTask.lambda$executeRecursively$8(NodeTestTask.java:141)
	at app//org.junit.platform.engine.support.hierarchical.Node.around(Node.java:137)
	at app//org.junit.platform.engine.support.hierarchical.NodeTestTask.lambda$executeRecursively$9(NodeTestTask.java:139)
	at app//org.junit.platform.engine.support.hierarchical.ThrowableCollector.execute(ThrowableCollector.java:73)
	at app//org.junit.platform.engine.support.hierarchical.NodeTestTask.executeRecursively(NodeTestTask.java:138)
	at app//org.junit.platform.engine.support.hierarchical.NodeTestTask.execute(NodeTestTask.java:95)
	at java.base@11.0.16/java.util.ArrayList.forEach(ArrayList.java:1541)
	at app//org.junit.platform.engine.support.hierarchical.SameThreadHierarchicalTestExecutorService.invokeAll(SameThreadHierarchicalTestExecutorService.java:41)
	at app//org.junit.platform.engine.support.hierarchical.NodeTestTask.lambda$executeRecursively$6(NodeTestTask.java:155)
	at app//org.junit.platform.engine.support.hierarchical.ThrowableCollector.execute(ThrowableCollector.java:73)
	at app//org.junit.platform.engine.support.hierarchical.NodeTestTask.lambda$executeRecursively$8(NodeTestTask.java:141)
	at app//org.junit.platform.engine.support.hierarchical.Node.around(Node.java:137)
	at app//org.junit.platform.engine.support.hierarchical.NodeTestTask.lambda$executeRecursively$9(NodeTestTask.java:139)
	at app//org.junit.platform.engine.support.hierarchical.ThrowableCollector.execute(ThrowableCollector.java:73)
	at app//org.junit.platform.engine.support.hierarchical.NodeTestTask.executeRecursively(NodeTestTask.java:138)
	at app//org.junit.platform.engine.support.hierarchical.NodeTestTask.execute(NodeTestTask.java:95)
	at java.base@11.0.16/java.util.ArrayList.forEach(ArrayList.java:1541)
	at app//org.junit.platform.engine.support.hierarchical.SameThreadHierarchicalTestExecutorService.invokeAll(SameThreadHierarchicalTestExecutorService.java:41)
	at app//org.junit.platform.engine.support.hierarchical.NodeTestTask.lambda$executeRecursively$6(NodeTestTask.java:155)
	at app//org.junit.platform.engine.support.hierarchical.ThrowableCollector.execute(ThrowableCollector.java:73)
	at app//org.junit.platform.engine.support.hierarchical.NodeTestTask.lambda$executeRecursively$8(NodeTestTask.java:141)
	at app//org.junit.platform.engine.support.hierarchical.Node.around(Node.java:137)
	at app//org.junit.platform.engine.support.hierarchical.NodeTestTask.lambda$executeRecursively$9(NodeTestTask.java:139)
	at app//org.junit.platform.engine.support.hierarchical.ThrowableCollector.execute(ThrowableCollector.java:73)
	at app//org.junit.platform.engine.support.hierarchical.NodeTestTask.executeRecursively(NodeTestTask.java:138)
	at app//org.junit.platform.engine.support.hierarchical.NodeTestTask.execute(NodeTestTask.java:95)
	at app//org.junit.platform.engine.support.hierarchical.SameThreadHierarchicalTestExecutorService.submit(SameThreadHierarchicalTestExecutorService.java:35)
	at app//org.junit.platform.engine.support.hierarchical.HierarchicalTestExecutor.execute(HierarchicalTestExecutor.java:57)
	at app//org.junit.platform.engine.support.hierarchical.HierarchicalTestEngine.execute(HierarchicalTestEngine.java:54)
	at app//org.junit.platform.launcher.core.EngineExecutionOrchestrator.execute(EngineExecutionOrchestrator.java:108)
	at app//org.junit.platform.launcher.core.EngineExecutionOrchestrator.execute(EngineExecutionOrchestrator.java:88)
	at app//org.junit.platform.launcher.core.EngineExecutionOrchestrator.lambda$execute$0(EngineExecutionOrchestrator.java:54)
	at app//org.junit.platform.launcher.core.EngineExecutionOrchestrator.withInterceptedStreams(EngineExecutionOrchestrator.java:67)
	at app//org.junit.platform.launcher.core.EngineExecutionOrchestrator.execute(EngineExecutionOrchestrator.java:52)
	at app//org.junit.platform.launcher.core.DefaultLauncher.execute(DefaultLauncher.java:96)
	at app//org.junit.platform.launcher.core.DefaultLauncher.execute(DefaultLauncher.java:75)
	at org.gradle.api.internal.tasks.testing.junitplatform.JUnitPlatformTestClassProcessor$CollectAllTestClassesExecutor.processAllTestClasses(JUnitPlatformTestClassProcessor.java:99)
	at org.gradle.api.internal.tasks.testing.junitplatform.JUnitPlatformTestClassProcessor$CollectAllTestClassesExecutor.access$000(JUnitPlatformTestClassProcessor.java:79)
	at org.gradle.api.internal.tasks.testing.junitplatform.JUnitPlatformTestClassProcessor.stop(JUnitPlatformTestClassProcessor.java:75)
	at org.gradle.api.internal.tasks.testing.SuiteTestClassProcessor.stop(SuiteTestClassProcessor.java:61)
	at java.base@11.0.16/jdk.internal.reflect.NativeMethodAccessorImpl.invoke0(Native Method)
	at java.base@11.0.16/jdk.internal.reflect.NativeMethodAccessorImpl.invoke(NativeMethodAccessorImpl.java:62)
	at java.base@11.0.16/jdk.internal.reflect.DelegatingMethodAccessorImpl.invoke(DelegatingMethodAccessorImpl.java:43)
	at java.base@11.0.16/java.lang.reflect.Method.invoke(Method.java:566)
	at org.gradle.internal.dispatch.ReflectionDispatch.dispatch(ReflectionDispatch.java:36)
	at org.gradle.internal.dispatch.ReflectionDispatch.dispatch(ReflectionDispatch.java:24)
	at org.gradle.internal.dispatch.ContextClassLoaderDispatch.dispatch(ContextClassLoaderDispatch.java:33)
	at org.gradle.internal.dispatch.ProxyDispatchAdapter$DispatchingInvocationHandler.invoke(ProxyDispatchAdapter.java:94)
	at com.sun.proxy.$Proxy2.stop(Unknown Source)
	at org.gradle.api.internal.tasks.testing.worker.TestWorker$3.run(TestWorker.java:193)
	at org.gradle.api.internal.tasks.testing.worker.TestWorker.executeAndMaintainThreadName(TestWorker.java:129)
	at org.gradle.api.internal.tasks.testing.worker.TestWorker.execute(TestWorker.java:100)
	at org.gradle.api.internal.tasks.testing.worker.TestWorker.execute(TestWorker.java:60)
	at org.gradle.process.internal.worker.child.ActionExecutionWorker.execute(ActionExecutionWorker.java:56)
	at org.gradle.process.internal.worker.child.SystemApplicationClassLoaderWorker.call(SystemApplicationClassLoaderWorker.java:133)
	at org.gradle.process.internal.worker.child.SystemApplicationClassLoaderWorker.call(SystemApplicationClassLoaderWorker.java:71)
	at app//worker.org.gradle.process.internal.worker.GradleWorkerMain.run(GradleWorkerMain.java:69)
	at app//worker.org.gradle.process.internal.worker.GradleWorkerMain.main(GradleWorkerMain.java:74)
Caused by: org.h2.jdbc.JdbcSQLDataException: Data conversion error converting &quot;X'aced00057e720027746f6279737475647970726f6a6563742e746f6279737475647970726f6a6563742e4c6576656c00000000000000001200007872000e6a6176612e6c616e672e456e756d000000000000000012000078707400054241534943' (USER: &quot;&quot;LEVEL&quot;&quot; NUMBER)&quot;; SQL statement:
insert into user (id, name, password, level, login, recommend) values(?,?,?,?,?,?) [22018-200]
	at org.h2.message.DbException.getJdbcSQLException(DbException.java:457)
	at org.h2.message.DbException.getJdbcSQLException(DbException.java:429)
	at org.h2.message.DbException.get(DbException.java:194)
	at org.h2.table.Column.getDataConversionError(Column.java:409)
	at org.h2.table.Column.validateConvertUpdateSequence(Column.java:381)
	at org.h2.table.Table.validateConvertUpdateSequence(Table.java:845)
	at org.h2.command.dml.Insert.insertRows(Insert.java:187)
	at org.h2.command.dml.Insert.update(Insert.java:151)
	at org.h2.command.CommandContainer.update(CommandContainer.java:198)
	at org.h2.command.Command.executeUpdate(Command.java:251)
	at org.h2.server.TcpServerThread.process(TcpServerThread.java:406)
	at org.h2.server.TcpServerThread.run(TcpServerThread.java:183)
	at java.base/java.lang.Thread.run(Thread.java:834)
Caused by: org.h2.message.DbException: Data conversion error converting &quot;aced00057e720027746f6279737475647970726f6a6563742e746f6279737475647970726f6a6563742e4c6576656c00000000000000001200007872000e6a6176612e6c616e672e456e756d000000000000000012000078707400054241534943&quot; [22018-200]
	at org.h2.message.DbException.get(DbException.java:194)
	at org.h2.value.Value.convertTo(Value.java:875)
	at org.h2.value.Value.convertTo(Value.java:772)
	at org.h2.value.TypeInfo.cast(TypeInfo.java:515)
	at org.h2.table.Column.validateConvertUpdateSequence(Column.java:378)
	... 8 more
Caused by: org.h2.jdbc.JdbcSQLDataException: Data conversion error converting &quot;aced00057e720027746f6279737475647970726f6a6563742e746f6279737475647970726f6a6563742e4c6576656c00000000000000001200007872000e6a6176612e6c616e672e456e756d000000000000000012000078707400054241534943&quot; [22018-200]
	at org.h2.message.DbException.getJdbcSQLException(DbException.java:457)
	at org.h2.message.DbException.getJdbcSQLException(DbException.java:429)
	... 13 more
Caused by: java.lang.NumberFormatException: Character array is missing &quot;e&quot; notation exponential mark.
	at java.base/java.math.BigDecimal.&lt;init&gt;(BigDecimal.java:577)
	at java.base/java.math.BigDecimal.&lt;init&gt;(BigDecimal.java:401)
	at java.base/java.math.BigDecimal.&lt;init&gt;(BigDecimal.java:834)
	at org.h2.value.Value.convertToDecimal(Value.java:1031)
	at org.h2.value.Value.convertTo(Value.java:810)
	... 11 more

	at app//org.h2.message.DbException.getJdbcSQLException(DbException.java:506)
	at app//org.h2.engine.SessionRemote.readException(SessionRemote.java:637)
	at app//org.h2.engine.SessionRemote.done(SessionRemote.java:606)
	at app//org.h2.command.CommandRemote.executeUpdate(CommandRemote.java:227)
	at app//org.h2.jdbc.JdbcPreparedStatement.executeUpdateInternal(JdbcPreparedStatement.java:209)
	at app//org.h2.jdbc.JdbcPreparedStatement.executeUpdate(JdbcPreparedStatement.java:169)
	at app//org.springframework.jdbc.core.JdbcTemplate.lambda$update$2(JdbcTemplate.java:965)
	at app//org.springframework.jdbc.core.JdbcTemplate.execute(JdbcTemplate.java:651)
	... 88 more
</failure>
  </testcase>
  <testcase name="addAndGet()" classname="tobystudyproject.tobystudyproject.UserDaoTest" time="0.142">
    <failure message="org.springframework.dao.DataIntegrityViolationException: PreparedStatementCallback; SQL [insert into user (id, name, password, level, login, recommend) values(?,?,?,?,?,?)]; Data conversion error converting &quot;X'aced00057e720027746f6279737475647970726f6a6563742e746f6279737475647970726f6a6563742e4c6576656c00000000000000001200007872000e6a6176612e6c616e672e456e756d000000000000000012000078707400054241534943' (USER: &quot;&quot;LEVEL&quot;&quot; NUMBER)&quot;; SQL statement:&#10;insert into user (id, name, password, level, login, recommend) values(?,?,?,?,?,?) [22018-214]; nested exception is org.h2.jdbc.JdbcSQLDataException: Data conversion error converting &quot;X'aced00057e720027746f6279737475647970726f6a6563742e746f6279737475647970726f6a6563742e4c6576656c00000000000000001200007872000e6a6176612e6c616e672e456e756d000000000000000012000078707400054241534943' (USER: &quot;&quot;LEVEL&quot;&quot; NUMBER)&quot;; SQL statement:&#10;insert into user (id, name, password, level, login, recommend) values(?,?,?,?,?,?) [22018-200]&#13;&#10;&#9;at org.h2.message.DbException.getJdbcSQLException(DbException.java:457)&#13;&#10;&#9;at org.h2.message.DbException.getJdbcSQLException(DbException.java:429)&#13;&#10;&#9;at org.h2.message.DbException.get(DbException.java:194)&#13;&#10;&#9;at org.h2.table.Column.getDataConversionError(Column.java:409)&#13;&#10;&#9;at org.h2.table.Column.validateConvertUpdateSequence(Column.java:381)&#13;&#10;&#9;at org.h2.table.Table.validateConvertUpdateSequence(Table.java:845)&#13;&#10;&#9;at org.h2.command.dml.Insert.insertRows(Insert.java:187)&#13;&#10;&#9;at org.h2.command.dml.Insert.update(Insert.java:151)&#13;&#10;&#9;at org.h2.command.CommandContainer.update(CommandContainer.java:198)&#13;&#10;&#9;at org.h2.command.Command.executeUpdate(Command.java:251)&#13;&#10;&#9;at org.h2.server.TcpServerThread.process(TcpServerThread.java:406)&#13;&#10;&#9;at org.h2.server.TcpServerThread.run(TcpServerThread.java:183)&#13;&#10;&#9;at java.base/java.lang.Thread.run(Thread.java:834)&#13;&#10;Caused by: org.h2.message.DbException: Data conversion error converting &quot;aced00057e720027746f6279737475647970726f6a6563742e746f6279737475647970726f6a6563742e4c6576656c00000000000000001200007872000e6a6176612e6c616e672e456e756d000000000000000012000078707400054241534943&quot; [22018-200]&#13;&#10;&#9;at org.h2.message.DbException.get(DbException.java:194)&#13;&#10;&#9;at org.h2.value.Value.convertTo(Value.java:875)&#13;&#10;&#9;at org.h2.value.Value.convertTo(Value.java:772)&#13;&#10;&#9;at org.h2.value.TypeInfo.cast(TypeInfo.java:515)&#13;&#10;&#9;at org.h2.table.Column.validateConvertUpdateSequence(Column.java:378)&#13;&#10;&#9;... 8 more&#13;&#10;Caused by: org.h2.jdbc.JdbcSQLDataException: Data conversion error converting &quot;aced00057e720027746f6279737475647970726f6a6563742e746f6279737475647970726f6a6563742e4c6576656c00000000000000001200007872000e6a6176612e6c616e672e456e756d000000000000000012000078707400054241534943&quot; [22018-200]&#13;&#10;&#9;at org.h2.message.DbException.getJdbcSQLException(DbException.java:457)&#13;&#10;&#9;at org.h2.message.DbException.getJdbcSQLException(DbException.java:429)&#13;&#10;&#9;... 13 more&#13;&#10;Caused by: java.lang.NumberFormatException: Character array is missing &quot;e&quot; notation exponential mark.&#13;&#10;&#9;at java.base/java.math.BigDecimal.&lt;init&gt;(BigDecimal.java:577)&#13;&#10;&#9;at java.base/java.math.BigDecimal.&lt;init&gt;(BigDecimal.java:401)&#13;&#10;&#9;at java.base/java.math.BigDecimal.&lt;init&gt;(BigDecimal.java:834)&#13;&#10;&#9;at org.h2.value.Value.convertToDecimal(Value.java:1031)&#13;&#10;&#9;at org.h2.value.Value.convertTo(Value.java:810)&#13;&#10;&#9;... 11 more&#13;&#10;" type="org.springframework.dao.DataIntegrityViolationException">org.springframework.dao.DataIntegrityViolationException: PreparedStatementCallback; SQL [insert into user (id, name, password, level, login, recommend) values(?,?,?,?,?,?)]; Data conversion error converting &quot;X'aced00057e720027746f6279737475647970726f6a6563742e746f6279737475647970726f6a6563742e4c6576656c00000000000000001200007872000e6a6176612e6c616e672e456e756d000000000000000012000078707400054241534943' (USER: &quot;&quot;LEVEL&quot;&quot; NUMBER)&quot;; SQL statement:
insert into user (id, name, password, level, login, recommend) values(?,?,?,?,?,?) [22018-214]; nested exception is org.h2.jdbc.JdbcSQLDataException: Data conversion error converting &quot;X'aced00057e720027746f6279737475647970726f6a6563742e746f6279737475647970726f6a6563742e4c6576656c00000000000000001200007872000e6a6176612e6c616e672e456e756d000000000000000012000078707400054241534943' (USER: &quot;&quot;LEVEL&quot;&quot; NUMBER)&quot;; SQL statement:
insert into user (id, name, password, level, login, recommend) values(?,?,?,?,?,?) [22018-200]
	at org.h2.message.DbException.getJdbcSQLException(DbException.java:457)
	at org.h2.message.DbException.getJdbcSQLException(DbException.java:429)
	at org.h2.message.DbException.get(DbException.java:194)
	at org.h2.table.Column.getDataConversionError(Column.java:409)
	at org.h2.table.Column.validateConvertUpdateSequence(Column.java:381)
	at org.h2.table.Table.validateConvertUpdateSequence(Table.java:845)
	at org.h2.command.dml.Insert.insertRows(Insert.java:187)
	at org.h2.command.dml.Insert.update(Insert.java:151)
	at org.h2.command.CommandContainer.update(CommandContainer.java:198)
	at org.h2.command.Command.executeUpdate(Command.java:251)
	at org.h2.server.TcpServerThread.process(TcpServerThread.java:406)
	at org.h2.server.TcpServerThread.run(TcpServerThread.java:183)
	at java.base/java.lang.Thread.run(Thread.java:834)
Caused by: org.h2.message.DbException: Data conversion error converting &quot;aced00057e720027746f6279737475647970726f6a6563742e746f6279737475647970726f6a6563742e4c6576656c00000000000000001200007872000e6a6176612e6c616e672e456e756d000000000000000012000078707400054241534943&quot; [22018-200]
	at org.h2.message.DbException.get(DbException.java:194)
	at org.h2.value.Value.convertTo(Value.java:875)
	at org.h2.value.Value.convertTo(Value.java:772)
	at org.h2.value.TypeInfo.cast(TypeInfo.java:515)
	at org.h2.table.Column.validateConvertUpdateSequence(Column.java:378)
	... 8 more
Caused by: org.h2.jdbc.JdbcSQLDataException: Data conversion error converting &quot;aced00057e720027746f6279737475647970726f6a6563742e746f6279737475647970726f6a6563742e4c6576656c00000000000000001200007872000e6a6176612e6c616e672e456e756d000000000000000012000078707400054241534943&quot; [22018-200]
	at org.h2.message.DbException.getJdbcSQLException(DbException.java:457)
	at org.h2.message.DbException.getJdbcSQLException(DbException.java:429)
	... 13 more
Caused by: java.lang.NumberFormatException: Character array is missing &quot;e&quot; notation exponential mark.
	at java.base/java.math.BigDecimal.&lt;init&gt;(BigDecimal.java:577)
	at java.base/java.math.BigDecimal.&lt;init&gt;(BigDecimal.java:401)
	at java.base/java.math.BigDecimal.&lt;init&gt;(BigDecimal.java:834)
	at org.h2.value.Value.convertToDecimal(Value.java:1031)
	at org.h2.value.Value.convertTo(Value.java:810)
	... 11 more

	at app//org.springframework.jdbc.support.SQLErrorCodeSQLExceptionTranslator.doTranslate(SQLErrorCodeSQLExceptionTranslator.java:251)
	at app//org.springframework.jdbc.support.AbstractFallbackSQLExceptionTranslator.translate(AbstractFallbackSQLExceptionTranslator.java:70)
	at app//org.springframework.jdbc.core.JdbcTemplate.translateException(JdbcTemplate.java:1541)
	at app//org.springframework.jdbc.core.JdbcTemplate.execute(JdbcTemplate.java:667)
	at app//org.springframework.jdbc.core.JdbcTemplate.update(JdbcTemplate.java:960)
	at app//org.springframework.jdbc.core.JdbcTemplate.update(JdbcTemplate.java:1015)
	at app//org.springframework.jdbc.core.JdbcTemplate.update(JdbcTemplate.java:1025)
	at app//tobystudyproject.tobystudyproject.before.UserDao.add(UserDao.java:41)
	at app//tobystudyproject.tobystudyproject.UserDaoTest.addAndGet(UserDaoTest.java:41)
	at java.base@11.0.16/jdk.internal.reflect.NativeMethodAccessorImpl.invoke0(Native Method)
	at java.base@11.0.16/jdk.internal.reflect.NativeMethodAccessorImpl.invoke(NativeMethodAccessorImpl.java:62)
	at java.base@11.0.16/jdk.internal.reflect.DelegatingMethodAccessorImpl.invoke(DelegatingMethodAccessorImpl.java:43)
	at java.base@11.0.16/java.lang.reflect.Method.invoke(Method.java:566)
	at app//org.junit.platform.commons.util.ReflectionUtils.invokeMethod(ReflectionUtils.java:725)
	at app//org.junit.jupiter.engine.execution.MethodInvocation.proceed(MethodInvocation.java:60)
	at app//org.junit.jupiter.engine.execution.InvocationInterceptorChain$ValidatingInvocation.proceed(InvocationInterceptorChain.java:131)
	at app//org.junit.jupiter.engine.extension.TimeoutExtension.intercept(TimeoutExtension.java:149)
	at app//org.junit.jupiter.engine.extension.TimeoutExtension.interceptTestableMethod(TimeoutExtension.java:140)
	at app//org.junit.jupiter.engine.extension.TimeoutExtension.interceptTestMethod(TimeoutExtension.java:84)
	at app//org.junit.jupiter.engine.execution.ExecutableInvoker$ReflectiveInterceptorCall.lambda$ofVoidMethod$0(ExecutableInvoker.java:115)
	at app//org.junit.jupiter.engine.execution.ExecutableInvoker.lambda$invoke$0(ExecutableInvoker.java:105)
	at app//org.junit.jupiter.engine.execution.InvocationInterceptorChain$InterceptedInvocation.proceed(InvocationInterceptorChain.java:106)
	at app//org.junit.jupiter.engine.execution.InvocationInterceptorChain.proceed(InvocationInterceptorChain.java:64)
	at app//org.junit.jupiter.engine.execution.InvocationInterceptorChain.chainAndInvoke(InvocationInterceptorChain.java:45)
	at app//org.junit.jupiter.engine.execution.InvocationInterceptorChain.invoke(InvocationInterceptorChain.java:37)
	at app//org.junit.jupiter.engine.execution.ExecutableInvoker.invoke(ExecutableInvoker.java:104)
	at app//org.junit.jupiter.engine.execution.ExecutableInvoker.invoke(ExecutableInvoker.java:98)
	at app//org.junit.jupiter.engine.descriptor.TestMethodTestDescriptor.lambda$invokeTestMethod$7(TestMethodTestDescriptor.java:214)
	at app//org.junit.platform.engine.support.hierarchical.ThrowableCollector.execute(ThrowableCollector.java:73)
	at app//org.junit.jupiter.engine.descriptor.TestMethodTestDescriptor.invokeTestMethod(TestMethodTestDescriptor.java:210)
	at app//org.junit.jupiter.engine.descriptor.TestMethodTestDescriptor.execute(TestMethodTestDescriptor.java:135)
	at app//org.junit.jupiter.engine.descriptor.TestMethodTestDescriptor.execute(TestMethodTestDescriptor.java:66)
	at app//org.junit.platform.engine.support.hierarchical.NodeTestTask.lambda$executeRecursively$6(NodeTestTask.java:151)
	at app//org.junit.platform.engine.support.hierarchical.ThrowableCollector.execute(ThrowableCollector.java:73)
	at app//org.junit.platform.engine.support.hierarchical.NodeTestTask.lambda$executeRecursively$8(NodeTestTask.java:141)
	at app//org.junit.platform.engine.support.hierarchical.Node.around(Node.java:137)
	at app//org.junit.platform.engine.support.hierarchical.NodeTestTask.lambda$executeRecursively$9(NodeTestTask.java:139)
	at app//org.junit.platform.engine.support.hierarchical.ThrowableCollector.execute(ThrowableCollector.java:73)
	at app//org.junit.platform.engine.support.hierarchical.NodeTestTask.executeRecursively(NodeTestTask.java:138)
	at app//org.junit.platform.engine.support.hierarchical.NodeTestTask.execute(NodeTestTask.java:95)
	at java.base@11.0.16/java.util.ArrayList.forEach(ArrayList.java:1541)
	at app//org.junit.platform.engine.support.hierarchical.SameThreadHierarchicalTestExecutorService.invokeAll(SameThreadHierarchicalTestExecutorService.java:41)
	at app//org.junit.platform.engine.support.hierarchical.NodeTestTask.lambda$executeRecursively$6(NodeTestTask.java:155)
	at app//org.junit.platform.engine.support.hierarchical.ThrowableCollector.execute(ThrowableCollector.java:73)
	at app//org.junit.platform.engine.support.hierarchical.NodeTestTask.lambda$executeRecursively$8(NodeTestTask.java:141)
	at app//org.junit.platform.engine.support.hierarchical.Node.around(Node.java:137)
	at app//org.junit.platform.engine.support.hierarchical.NodeTestTask.lambda$executeRecursively$9(NodeTestTask.java:139)
	at app//org.junit.platform.engine.support.hierarchical.ThrowableCollector.execute(ThrowableCollector.java:73)
	at app//org.junit.platform.engine.support.hierarchical.NodeTestTask.executeRecursively(NodeTestTask.java:138)
	at app//org.junit.platform.engine.support.hierarchical.NodeTestTask.execute(NodeTestTask.java:95)
	at java.base@11.0.16/java.util.ArrayList.forEach(ArrayList.java:1541)
	at app//org.junit.platform.engine.support.hierarchical.SameThreadHierarchicalTestExecutorService.invokeAll(SameThreadHierarchicalTestExecutorService.java:41)
	at app//org.junit.platform.engine.support.hierarchical.NodeTestTask.lambda$executeRecursively$6(NodeTestTask.java:155)
	at app//org.junit.platform.engine.support.hierarchical.ThrowableCollector.execute(ThrowableCollector.java:73)
	at app//org.junit.platform.engine.support.hierarchical.NodeTestTask.lambda$executeRecursively$8(NodeTestTask.java:141)
	at app//org.junit.platform.engine.support.hierarchical.Node.around(Node.java:137)
	at app//org.junit.platform.engine.support.hierarchical.NodeTestTask.lambda$executeRecursively$9(NodeTestTask.java:139)
	at app//org.junit.platform.engine.support.hierarchical.ThrowableCollector.execute(ThrowableCollector.java:73)
	at app//org.junit.platform.engine.support.hierarchical.NodeTestTask.executeRecursively(NodeTestTask.java:138)
	at app//org.junit.platform.engine.support.hierarchical.NodeTestTask.execute(NodeTestTask.java:95)
	at app//org.junit.platform.engine.support.hierarchical.SameThreadHierarchicalTestExecutorService.submit(SameThreadHierarchicalTestExecutorService.java:35)
	at app//org.junit.platform.engine.support.hierarchical.HierarchicalTestExecutor.execute(HierarchicalTestExecutor.java:57)
	at app//org.junit.platform.engine.support.hierarchical.HierarchicalTestEngine.execute(HierarchicalTestEngine.java:54)
	at app//org.junit.platform.launcher.core.EngineExecutionOrchestrator.execute(EngineExecutionOrchestrator.java:108)
	at app//org.junit.platform.launcher.core.EngineExecutionOrchestrator.execute(EngineExecutionOrchestrator.java:88)
	at app//org.junit.platform.launcher.core.EngineExecutionOrchestrator.lambda$execute$0(EngineExecutionOrchestrator.java:54)
	at app//org.junit.platform.launcher.core.EngineExecutionOrchestrator.withInterceptedStreams(EngineExecutionOrchestrator.java:67)
	at app//org.junit.platform.launcher.core.EngineExecutionOrchestrator.execute(EngineExecutionOrchestrator.java:52)
	at app//org.junit.platform.launcher.core.DefaultLauncher.execute(DefaultLauncher.java:96)
	at app//org.junit.platform.launcher.core.DefaultLauncher.execute(DefaultLauncher.java:75)
	at org.gradle.api.internal.tasks.testing.junitplatform.JUnitPlatformTestClassProcessor$CollectAllTestClassesExecutor.processAllTestClasses(JUnitPlatformTestClassProcessor.java:99)
	at org.gradle.api.internal.tasks.testing.junitplatform.JUnitPlatformTestClassProcessor$CollectAllTestClassesExecutor.access$000(JUnitPlatformTestClassProcessor.java:79)
	at org.gradle.api.internal.tasks.testing.junitplatform.JUnitPlatformTestClassProcessor.stop(JUnitPlatformTestClassProcessor.java:75)
	at org.gradle.api.internal.tasks.testing.SuiteTestClassProcessor.stop(SuiteTestClassProcessor.java:61)
	at java.base@11.0.16/jdk.internal.reflect.NativeMethodAccessorImpl.invoke0(Native Method)
	at java.base@11.0.16/jdk.internal.reflect.NativeMethodAccessorImpl.invoke(NativeMethodAccessorImpl.java:62)
	at java.base@11.0.16/jdk.internal.reflect.DelegatingMethodAccessorImpl.invoke(DelegatingMethodAccessorImpl.java:43)
	at java.base@11.0.16/java.lang.reflect.Method.invoke(Method.java:566)
	at org.gradle.internal.dispatch.ReflectionDispatch.dispatch(ReflectionDispatch.java:36)
	at org.gradle.internal.dispatch.ReflectionDispatch.dispatch(ReflectionDispatch.java:24)
	at org.gradle.internal.dispatch.ContextClassLoaderDispatch.dispatch(ContextClassLoaderDispatch.java:33)
	at org.gradle.internal.dispatch.ProxyDispatchAdapter$DispatchingInvocationHandler.invoke(ProxyDispatchAdapter.java:94)
	at com.sun.proxy.$Proxy2.stop(Unknown Source)
	at org.gradle.api.internal.tasks.testing.worker.TestWorker$3.run(TestWorker.java:193)
	at org.gradle.api.internal.tasks.testing.worker.TestWorker.executeAndMaintainThreadName(TestWorker.java:129)
	at org.gradle.api.internal.tasks.testing.worker.TestWorker.execute(TestWorker.java:100)
	at org.gradle.api.internal.tasks.testing.worker.TestWorker.execute(TestWorker.java:60)
	at org.gradle.process.internal.worker.child.ActionExecutionWorker.execute(ActionExecutionWorker.java:56)
	at org.gradle.process.internal.worker.child.SystemApplicationClassLoaderWorker.call(SystemApplicationClassLoaderWorker.java:133)
	at org.gradle.process.internal.worker.child.SystemApplicationClassLoaderWorker.call(SystemApplicationClassLoaderWorker.java:71)
	at app//worker.org.gradle.process.internal.worker.GradleWorkerMain.run(GradleWorkerMain.java:69)
	at app//worker.org.gradle.process.internal.worker.GradleWorkerMain.main(GradleWorkerMain.java:74)
Caused by: org.h2.jdbc.JdbcSQLDataException: Data conversion error converting &quot;X'aced00057e720027746f6279737475647970726f6a6563742e746f6279737475647970726f6a6563742e4c6576656c00000000000000001200007872000e6a6176612e6c616e672e456e756d000000000000000012000078707400054241534943' (USER: &quot;&quot;LEVEL&quot;&quot; NUMBER)&quot;; SQL statement:
insert into user (id, name, password, level, login, recommend) values(?,?,?,?,?,?) [22018-200]
	at org.h2.message.DbException.getJdbcSQLException(DbException.java:457)
	at org.h2.message.DbException.getJdbcSQLException(DbException.java:429)
	at org.h2.message.DbException.get(DbException.java:194)
	at org.h2.table.Column.getDataConversionError(Column.java:409)
	at org.h2.table.Column.validateConvertUpdateSequence(Column.java:381)
	at org.h2.table.Table.validateConvertUpdateSequence(Table.java:845)
	at org.h2.command.dml.Insert.insertRows(Insert.java:187)
	at org.h2.command.dml.Insert.update(Insert.java:151)
	at org.h2.command.CommandContainer.update(CommandContainer.java:198)
	at org.h2.command.Command.executeUpdate(Command.java:251)
	at org.h2.server.TcpServerThread.process(TcpServerThread.java:406)
	at org.h2.server.TcpServerThread.run(TcpServerThread.java:183)
	at java.base/java.lang.Thread.run(Thread.java:834)
Caused by: org.h2.message.DbException: Data conversion error converting &quot;aced00057e720027746f6279737475647970726f6a6563742e746f6279737475647970726f6a6563742e4c6576656c00000000000000001200007872000e6a6176612e6c616e672e456e756d000000000000000012000078707400054241534943&quot; [22018-200]
	at org.h2.message.DbException.get(DbException.java:194)
	at org.h2.value.Value.convertTo(Value.java:875)
	at org.h2.value.Value.convertTo(Value.java:772)
	at org.h2.value.TypeInfo.cast(TypeInfo.java:515)
	at org.h2.table.Column.validateConvertUpdateSequence(Column.java:378)
	... 8 more
Caused by: org.h2.jdbc.JdbcSQLDataException: Data conversion error converting &quot;aced00057e720027746f6279737475647970726f6a6563742e746f6279737475647970726f6a6563742e4c6576656c00000000000000001200007872000e6a6176612e6c616e672e456e756d000000000000000012000078707400054241534943&quot; [22018-200]
	at org.h2.message.DbException.getJdbcSQLException(DbException.java:457)
	at org.h2.message.DbException.getJdbcSQLException(DbException.java:429)
	... 13 more
Caused by: java.lang.NumberFormatException: Character array is missing &quot;e&quot; notation exponential mark.
	at java.base/java.math.BigDecimal.&lt;init&gt;(BigDecimal.java:577)
	at java.base/java.math.BigDecimal.&lt;init&gt;(BigDecimal.java:401)
	at java.base/java.math.BigDecimal.&lt;init&gt;(BigDecimal.java:834)
	at org.h2.value.Value.convertToDecimal(Value.java:1031)
	at org.h2.value.Value.convertTo(Value.java:810)
	... 11 more

	at app//org.h2.message.DbException.getJdbcSQLException(DbException.java:506)
	at app//org.h2.engine.SessionRemote.readException(SessionRemote.java:637)
	at app//org.h2.engine.SessionRemote.done(SessionRemote.java:606)
	at app//org.h2.command.CommandRemote.executeUpdate(CommandRemote.java:227)
	at app//org.h2.jdbc.JdbcPreparedStatement.executeUpdateInternal(JdbcPreparedStatement.java:209)
	at app//org.h2.jdbc.JdbcPreparedStatement.executeUpdate(JdbcPreparedStatement.java:169)
	at app//org.springframework.jdbc.core.JdbcTemplate.lambda$update$2(JdbcTemplate.java:965)
	at app//org.springframework.jdbc.core.JdbcTemplate.execute(JdbcTemplate.java:651)
	... 88 more
</failure>
  </testcase>
  <testcase name="count()" classname="tobystudyproject.tobystudyproject.UserDaoTest" time="0.061">
    <failure message="org.springframework.dao.DataIntegrityViolationException: PreparedStatementCallback; SQL [insert into user (id, name, password, level, login, recommend) values(?,?,?,?,?,?)]; Data conversion error converting &quot;X'aced00057e720027746f6279737475647970726f6a6563742e746f6279737475647970726f6a6563742e4c6576656c00000000000000001200007872000e6a6176612e6c616e672e456e756d000000000000000012000078707400054241534943' (USER: &quot;&quot;LEVEL&quot;&quot; NUMBER)&quot;; SQL statement:&#10;insert into user (id, name, password, level, login, recommend) values(?,?,?,?,?,?) [22018-214]; nested exception is org.h2.jdbc.JdbcSQLDataException: Data conversion error converting &quot;X'aced00057e720027746f6279737475647970726f6a6563742e746f6279737475647970726f6a6563742e4c6576656c00000000000000001200007872000e6a6176612e6c616e672e456e756d000000000000000012000078707400054241534943' (USER: &quot;&quot;LEVEL&quot;&quot; NUMBER)&quot;; SQL statement:&#10;insert into user (id, name, password, level, login, recommend) values(?,?,?,?,?,?) [22018-200]&#13;&#10;&#9;at org.h2.message.DbException.getJdbcSQLException(DbException.java:457)&#13;&#10;&#9;at org.h2.message.DbException.getJdbcSQLException(DbException.java:429)&#13;&#10;&#9;at org.h2.message.DbException.get(DbException.java:194)&#13;&#10;&#9;at org.h2.table.Column.getDataConversionError(Column.java:409)&#13;&#10;&#9;at org.h2.table.Column.validateConvertUpdateSequence(Column.java:381)&#13;&#10;&#9;at org.h2.table.Table.validateConvertUpdateSequence(Table.java:845)&#13;&#10;&#9;at org.h2.command.dml.Insert.insertRows(Insert.java:187)&#13;&#10;&#9;at org.h2.command.dml.Insert.update(Insert.java:151)&#13;&#10;&#9;at org.h2.command.CommandContainer.update(CommandContainer.java:198)&#13;&#10;&#9;at org.h2.command.Command.executeUpdate(Command.java:251)&#13;&#10;&#9;at org.h2.server.TcpServerThread.process(TcpServerThread.java:406)&#13;&#10;&#9;at org.h2.server.TcpServerThread.run(TcpServerThread.java:183)&#13;&#10;&#9;at java.base/java.lang.Thread.run(Thread.java:834)&#13;&#10;Caused by: org.h2.message.DbException: Data conversion error converting &quot;aced00057e720027746f6279737475647970726f6a6563742e746f6279737475647970726f6a6563742e4c6576656c00000000000000001200007872000e6a6176612e6c616e672e456e756d000000000000000012000078707400054241534943&quot; [22018-200]&#13;&#10;&#9;at org.h2.message.DbException.get(DbException.java:194)&#13;&#10;&#9;at org.h2.value.Value.convertTo(Value.java:875)&#13;&#10;&#9;at org.h2.value.Value.convertTo(Value.java:772)&#13;&#10;&#9;at org.h2.value.TypeInfo.cast(TypeInfo.java:515)&#13;&#10;&#9;at org.h2.table.Column.validateConvertUpdateSequence(Column.java:378)&#13;&#10;&#9;... 8 more&#13;&#10;Caused by: org.h2.jdbc.JdbcSQLDataException: Data conversion error converting &quot;aced00057e720027746f6279737475647970726f6a6563742e746f6279737475647970726f6a6563742e4c6576656c00000000000000001200007872000e6a6176612e6c616e672e456e756d000000000000000012000078707400054241534943&quot; [22018-200]&#13;&#10;&#9;at org.h2.message.DbException.getJdbcSQLException(DbException.java:457)&#13;&#10;&#9;at org.h2.message.DbException.getJdbcSQLException(DbException.java:429)&#13;&#10;&#9;... 13 more&#13;&#10;Caused by: java.lang.NumberFormatException: Character array is missing &quot;e&quot; notation exponential mark.&#13;&#10;&#9;at java.base/java.math.BigDecimal.&lt;init&gt;(BigDecimal.java:577)&#13;&#10;&#9;at java.base/java.math.BigDecimal.&lt;init&gt;(BigDecimal.java:401)&#13;&#10;&#9;at java.base/java.math.BigDecimal.&lt;init&gt;(BigDecimal.java:834)&#13;&#10;&#9;at org.h2.value.Value.convertToDecimal(Value.java:1031)&#13;&#10;&#9;at org.h2.value.Value.convertTo(Value.java:810)&#13;&#10;&#9;... 11 more&#13;&#10;" type="org.springframework.dao.DataIntegrityViolationException">org.springframework.dao.DataIntegrityViolationException: PreparedStatementCallback; SQL [insert into user (id, name, password, level, login, recommend) values(?,?,?,?,?,?)]; Data conversion error converting &quot;X'aced00057e720027746f6279737475647970726f6a6563742e746f6279737475647970726f6a6563742e4c6576656c00000000000000001200007872000e6a6176612e6c616e672e456e756d000000000000000012000078707400054241534943' (USER: &quot;&quot;LEVEL&quot;&quot; NUMBER)&quot;; SQL statement:
insert into user (id, name, password, level, login, recommend) values(?,?,?,?,?,?) [22018-214]; nested exception is org.h2.jdbc.JdbcSQLDataException: Data conversion error converting &quot;X'aced00057e720027746f6279737475647970726f6a6563742e746f6279737475647970726f6a6563742e4c6576656c00000000000000001200007872000e6a6176612e6c616e672e456e756d000000000000000012000078707400054241534943' (USER: &quot;&quot;LEVEL&quot;&quot; NUMBER)&quot;; SQL statement:
insert into user (id, name, password, level, login, recommend) values(?,?,?,?,?,?) [22018-200]
	at org.h2.message.DbException.getJdbcSQLException(DbException.java:457)
	at org.h2.message.DbException.getJdbcSQLException(DbException.java:429)
	at org.h2.message.DbException.get(DbException.java:194)
	at org.h2.table.Column.getDataConversionError(Column.java:409)
	at org.h2.table.Column.validateConvertUpdateSequence(Column.java:381)
	at org.h2.table.Table.validateConvertUpdateSequence(Table.java:845)
	at org.h2.command.dml.Insert.insertRows(Insert.java:187)
	at org.h2.command.dml.Insert.update(Insert.java:151)
	at org.h2.command.CommandContainer.update(CommandContainer.java:198)
	at org.h2.command.Command.executeUpdate(Command.java:251)
	at org.h2.server.TcpServerThread.process(TcpServerThread.java:406)
	at org.h2.server.TcpServerThread.run(TcpServerThread.java:183)
	at java.base/java.lang.Thread.run(Thread.java:834)
Caused by: org.h2.message.DbException: Data conversion error converting &quot;aced00057e720027746f6279737475647970726f6a6563742e746f6279737475647970726f6a6563742e4c6576656c00000000000000001200007872000e6a6176612e6c616e672e456e756d000000000000000012000078707400054241534943&quot; [22018-200]
	at org.h2.message.DbException.get(DbException.java:194)
	at org.h2.value.Value.convertTo(Value.java:875)
	at org.h2.value.Value.convertTo(Value.java:772)
	at org.h2.value.TypeInfo.cast(TypeInfo.java:515)
	at org.h2.table.Column.validateConvertUpdateSequence(Column.java:378)
	... 8 more
Caused by: org.h2.jdbc.JdbcSQLDataException: Data conversion error converting &quot;aced00057e720027746f6279737475647970726f6a6563742e746f6279737475647970726f6a6563742e4c6576656c00000000000000001200007872000e6a6176612e6c616e672e456e756d000000000000000012000078707400054241534943&quot; [22018-200]
	at org.h2.message.DbException.getJdbcSQLException(DbException.java:457)
	at org.h2.message.DbException.getJdbcSQLException(DbException.java:429)
	... 13 more
Caused by: java.lang.NumberFormatException: Character array is missing &quot;e&quot; notation exponential mark.
	at java.base/java.math.BigDecimal.&lt;init&gt;(BigDecimal.java:577)
	at java.base/java.math.BigDecimal.&lt;init&gt;(BigDecimal.java:401)
	at java.base/java.math.BigDecimal.&lt;init&gt;(BigDecimal.java:834)
	at org.h2.value.Value.convertToDecimal(Value.java:1031)
	at org.h2.value.Value.convertTo(Value.java:810)
	... 11 more

	at app//org.springframework.jdbc.support.SQLErrorCodeSQLExceptionTranslator.doTranslate(SQLErrorCodeSQLExceptionTranslator.java:251)
	at app//org.springframework.jdbc.support.AbstractFallbackSQLExceptionTranslator.translate(AbstractFallbackSQLExceptionTranslator.java:70)
	at app//org.springframework.jdbc.core.JdbcTemplate.translateException(JdbcTemplate.java:1541)
	at app//org.springframework.jdbc.core.JdbcTemplate.execute(JdbcTemplate.java:667)
	at app//org.springframework.jdbc.core.JdbcTemplate.update(JdbcTemplate.java:960)
	at app//org.springframework.jdbc.core.JdbcTemplate.update(JdbcTemplate.java:1015)
	at app//org.springframework.jdbc.core.JdbcTemplate.update(JdbcTemplate.java:1025)
	at app//tobystudyproject.tobystudyproject.before.UserDao.add(UserDao.java:41)
	at app//tobystudyproject.tobystudyproject.UserDaoTest.count(UserDaoTest.java:58)
	at java.base@11.0.16/jdk.internal.reflect.NativeMethodAccessorImpl.invoke0(Native Method)
	at java.base@11.0.16/jdk.internal.reflect.NativeMethodAccessorImpl.invoke(NativeMethodAccessorImpl.java:62)
	at java.base@11.0.16/jdk.internal.reflect.DelegatingMethodAccessorImpl.invoke(DelegatingMethodAccessorImpl.java:43)
	at java.base@11.0.16/java.lang.reflect.Method.invoke(Method.java:566)
	at app//org.junit.platform.commons.util.ReflectionUtils.invokeMethod(ReflectionUtils.java:725)
	at app//org.junit.jupiter.engine.execution.MethodInvocation.proceed(MethodInvocation.java:60)
	at app//org.junit.jupiter.engine.execution.InvocationInterceptorChain$ValidatingInvocation.proceed(InvocationInterceptorChain.java:131)
	at app//org.junit.jupiter.engine.extension.TimeoutExtension.intercept(TimeoutExtension.java:149)
	at app//org.junit.jupiter.engine.extension.TimeoutExtension.interceptTestableMethod(TimeoutExtension.java:140)
	at app//org.junit.jupiter.engine.extension.TimeoutExtension.interceptTestMethod(TimeoutExtension.java:84)
	at app//org.junit.jupiter.engine.execution.ExecutableInvoker$ReflectiveInterceptorCall.lambda$ofVoidMethod$0(ExecutableInvoker.java:115)
	at app//org.junit.jupiter.engine.execution.ExecutableInvoker.lambda$invoke$0(ExecutableInvoker.java:105)
	at app//org.junit.jupiter.engine.execution.InvocationInterceptorChain$InterceptedInvocation.proceed(InvocationInterceptorChain.java:106)
	at app//org.junit.jupiter.engine.execution.InvocationInterceptorChain.proceed(InvocationInterceptorChain.java:64)
	at app//org.junit.jupiter.engine.execution.InvocationInterceptorChain.chainAndInvoke(InvocationInterceptorChain.java:45)
	at app//org.junit.jupiter.engine.execution.InvocationInterceptorChain.invoke(InvocationInterceptorChain.java:37)
	at app//org.junit.jupiter.engine.execution.ExecutableInvoker.invoke(ExecutableInvoker.java:104)
	at app//org.junit.jupiter.engine.execution.ExecutableInvoker.invoke(ExecutableInvoker.java:98)
	at app//org.junit.jupiter.engine.descriptor.TestMethodTestDescriptor.lambda$invokeTestMethod$7(TestMethodTestDescriptor.java:214)
	at app//org.junit.platform.engine.support.hierarchical.ThrowableCollector.execute(ThrowableCollector.java:73)
	at app//org.junit.jupiter.engine.descriptor.TestMethodTestDescriptor.invokeTestMethod(TestMethodTestDescriptor.java:210)
	at app//org.junit.jupiter.engine.descriptor.TestMethodTestDescriptor.execute(TestMethodTestDescriptor.java:135)
	at app//org.junit.jupiter.engine.descriptor.TestMethodTestDescriptor.execute(TestMethodTestDescriptor.java:66)
	at app//org.junit.platform.engine.support.hierarchical.NodeTestTask.lambda$executeRecursively$6(NodeTestTask.java:151)
	at app//org.junit.platform.engine.support.hierarchical.ThrowableCollector.execute(ThrowableCollector.java:73)
	at app//org.junit.platform.engine.support.hierarchical.NodeTestTask.lambda$executeRecursively$8(NodeTestTask.java:141)
	at app//org.junit.platform.engine.support.hierarchical.Node.around(Node.java:137)
	at app//org.junit.platform.engine.support.hierarchical.NodeTestTask.lambda$executeRecursively$9(NodeTestTask.java:139)
	at app//org.junit.platform.engine.support.hierarchical.ThrowableCollector.execute(ThrowableCollector.java:73)
	at app//org.junit.platform.engine.support.hierarchical.NodeTestTask.executeRecursively(NodeTestTask.java:138)
	at app//org.junit.platform.engine.support.hierarchical.NodeTestTask.execute(NodeTestTask.java:95)
	at java.base@11.0.16/java.util.ArrayList.forEach(ArrayList.java:1541)
	at app//org.junit.platform.engine.support.hierarchical.SameThreadHierarchicalTestExecutorService.invokeAll(SameThreadHierarchicalTestExecutorService.java:41)
	at app//org.junit.platform.engine.support.hierarchical.NodeTestTask.lambda$executeRecursively$6(NodeTestTask.java:155)
	at app//org.junit.platform.engine.support.hierarchical.ThrowableCollector.execute(ThrowableCollector.java:73)
	at app//org.junit.platform.engine.support.hierarchical.NodeTestTask.lambda$executeRecursively$8(NodeTestTask.java:141)
	at app//org.junit.platform.engine.support.hierarchical.Node.around(Node.java:137)
	at app//org.junit.platform.engine.support.hierarchical.NodeTestTask.lambda$executeRecursively$9(NodeTestTask.java:139)
	at app//org.junit.platform.engine.support.hierarchical.ThrowableCollector.execute(ThrowableCollector.java:73)
	at app//org.junit.platform.engine.support.hierarchical.NodeTestTask.executeRecursively(NodeTestTask.java:138)
	at app//org.junit.platform.engine.support.hierarchical.NodeTestTask.execute(NodeTestTask.java:95)
	at java.base@11.0.16/java.util.ArrayList.forEach(ArrayList.java:1541)
	at app//org.junit.platform.engine.support.hierarchical.SameThreadHierarchicalTestExecutorService.invokeAll(SameThreadHierarchicalTestExecutorService.java:41)
	at app//org.junit.platform.engine.support.hierarchical.NodeTestTask.lambda$executeRecursively$6(NodeTestTask.java:155)
	at app//org.junit.platform.engine.support.hierarchical.ThrowableCollector.execute(ThrowableCollector.java:73)
	at app//org.junit.platform.engine.support.hierarchical.NodeTestTask.lambda$executeRecursively$8(NodeTestTask.java:141)
	at app//org.junit.platform.engine.support.hierarchical.Node.around(Node.java:137)
	at app//org.junit.platform.engine.support.hierarchical.NodeTestTask.lambda$executeRecursively$9(NodeTestTask.java:139)
	at app//org.junit.platform.engine.support.hierarchical.ThrowableCollector.execute(ThrowableCollector.java:73)
	at app//org.junit.platform.engine.support.hierarchical.NodeTestTask.executeRecursively(NodeTestTask.java:138)
	at app//org.junit.platform.engine.support.hierarchical.NodeTestTask.execute(NodeTestTask.java:95)
	at app//org.junit.platform.engine.support.hierarchical.SameThreadHierarchicalTestExecutorService.submit(SameThreadHierarchicalTestExecutorService.java:35)
	at app//org.junit.platform.engine.support.hierarchical.HierarchicalTestExecutor.execute(HierarchicalTestExecutor.java:57)
	at app//org.junit.platform.engine.support.hierarchical.HierarchicalTestEngine.execute(HierarchicalTestEngine.java:54)
	at app//org.junit.platform.launcher.core.EngineExecutionOrchestrator.execute(EngineExecutionOrchestrator.java:108)
	at app//org.junit.platform.launcher.core.EngineExecutionOrchestrator.execute(EngineExecutionOrchestrator.java:88)
	at app//org.junit.platform.launcher.core.EngineExecutionOrchestrator.lambda$execute$0(EngineExecutionOrchestrator.java:54)
	at app//org.junit.platform.launcher.core.EngineExecutionOrchestrator.withInterceptedStreams(EngineExecutionOrchestrator.java:67)
	at app//org.junit.platform.launcher.core.EngineExecutionOrchestrator.execute(EngineExecutionOrchestrator.java:52)
	at app//org.junit.platform.launcher.core.DefaultLauncher.execute(DefaultLauncher.java:96)
	at app//org.junit.platform.launcher.core.DefaultLauncher.execute(DefaultLauncher.java:75)
	at org.gradle.api.internal.tasks.testing.junitplatform.JUnitPlatformTestClassProcessor$CollectAllTestClassesExecutor.processAllTestClasses(JUnitPlatformTestClassProcessor.java:99)
	at org.gradle.api.internal.tasks.testing.junitplatform.JUnitPlatformTestClassProcessor$CollectAllTestClassesExecutor.access$000(JUnitPlatformTestClassProcessor.java:79)
	at org.gradle.api.internal.tasks.testing.junitplatform.JUnitPlatformTestClassProcessor.stop(JUnitPlatformTestClassProcessor.java:75)
	at org.gradle.api.internal.tasks.testing.SuiteTestClassProcessor.stop(SuiteTestClassProcessor.java:61)
	at java.base@11.0.16/jdk.internal.reflect.NativeMethodAccessorImpl.invoke0(Native Method)
	at java.base@11.0.16/jdk.internal.reflect.NativeMethodAccessorImpl.invoke(NativeMethodAccessorImpl.java:62)
	at java.base@11.0.16/jdk.internal.reflect.DelegatingMethodAccessorImpl.invoke(DelegatingMethodAccessorImpl.java:43)
	at java.base@11.0.16/java.lang.reflect.Method.invoke(Method.java:566)
	at org.gradle.internal.dispatch.ReflectionDispatch.dispatch(ReflectionDispatch.java:36)
	at org.gradle.internal.dispatch.ReflectionDispatch.dispatch(ReflectionDispatch.java:24)
	at org.gradle.internal.dispatch.ContextClassLoaderDispatch.dispatch(ContextClassLoaderDispatch.java:33)
	at org.gradle.internal.dispatch.ProxyDispatchAdapter$DispatchingInvocationHandler.invoke(ProxyDispatchAdapter.java:94)
	at com.sun.proxy.$Proxy2.stop(Unknown Source)
	at org.gradle.api.internal.tasks.testing.worker.TestWorker$3.run(TestWorker.java:193)
	at org.gradle.api.internal.tasks.testing.worker.TestWorker.executeAndMaintainThreadName(TestWorker.java:129)
	at org.gradle.api.internal.tasks.testing.worker.TestWorker.execute(TestWorker.java:100)
	at org.gradle.api.internal.tasks.testing.worker.TestWorker.execute(TestWorker.java:60)
	at org.gradle.process.internal.worker.child.ActionExecutionWorker.execute(ActionExecutionWorker.java:56)
	at org.gradle.process.internal.worker.child.SystemApplicationClassLoaderWorker.call(SystemApplicationClassLoaderWorker.java:133)
	at org.gradle.process.internal.worker.child.SystemApplicationClassLoaderWorker.call(SystemApplicationClassLoaderWorker.java:71)
	at app//worker.org.gradle.process.internal.worker.GradleWorkerMain.run(GradleWorkerMain.java:69)
	at app//worker.org.gradle.process.internal.worker.GradleWorkerMain.main(GradleWorkerMain.java:74)
Caused by: org.h2.jdbc.JdbcSQLDataException: Data conversion error converting &quot;X'aced00057e720027746f6279737475647970726f6a6563742e746f6279737475647970726f6a6563742e4c6576656c00000000000000001200007872000e6a6176612e6c616e672e456e756d000000000000000012000078707400054241534943' (USER: &quot;&quot;LEVEL&quot;&quot; NUMBER)&quot;; SQL statement:
insert into user (id, name, password, level, login, recommend) values(?,?,?,?,?,?) [22018-200]
	at org.h2.message.DbException.getJdbcSQLException(DbException.java:457)
	at org.h2.message.DbException.getJdbcSQLException(DbException.java:429)
	at org.h2.message.DbException.get(DbException.java:194)
	at org.h2.table.Column.getDataConversionError(Column.java:409)
	at org.h2.table.Column.validateConvertUpdateSequence(Column.java:381)
	at org.h2.table.Table.validateConvertUpdateSequence(Table.java:845)
	at org.h2.command.dml.Insert.insertRows(Insert.java:187)
	at org.h2.command.dml.Insert.update(Insert.java:151)
	at org.h2.command.CommandContainer.update(CommandContainer.java:198)
	at org.h2.command.Command.executeUpdate(Command.java:251)
	at org.h2.server.TcpServerThread.process(TcpServerThread.java:406)
	at org.h2.server.TcpServerThread.run(TcpServerThread.java:183)
	at java.base/java.lang.Thread.run(Thread.java:834)
Caused by: org.h2.message.DbException: Data conversion error converting &quot;aced00057e720027746f6279737475647970726f6a6563742e746f6279737475647970726f6a6563742e4c6576656c00000000000000001200007872000e6a6176612e6c616e672e456e756d000000000000000012000078707400054241534943&quot; [22018-200]
	at org.h2.message.DbException.get(DbException.java:194)
	at org.h2.value.Value.convertTo(Value.java:875)
	at org.h2.value.Value.convertTo(Value.java:772)
	at org.h2.value.TypeInfo.cast(TypeInfo.java:515)
	at org.h2.table.Column.validateConvertUpdateSequence(Column.java:378)
	... 8 more
Caused by: org.h2.jdbc.JdbcSQLDataException: Data conversion error converting &quot;aced00057e720027746f6279737475647970726f6a6563742e746f6279737475647970726f6a6563742e4c6576656c00000000000000001200007872000e6a6176612e6c616e672e456e756d000000000000000012000078707400054241534943&quot; [22018-200]
	at org.h2.message.DbException.getJdbcSQLException(DbException.java:457)
	at org.h2.message.DbException.getJdbcSQLException(DbException.java:429)
	... 13 more
Caused by: java.lang.NumberFormatException: Character array is missing &quot;e&quot; notation exponential mark.
	at java.base/java.math.BigDecimal.&lt;init&gt;(BigDecimal.java:577)
	at java.base/java.math.BigDecimal.&lt;init&gt;(BigDecimal.java:401)
	at java.base/java.math.BigDecimal.&lt;init&gt;(BigDecimal.java:834)
	at org.h2.value.Value.convertToDecimal(Value.java:1031)
	at org.h2.value.Value.convertTo(Value.java:810)
	... 11 more

	at app//org.h2.message.DbException.getJdbcSQLException(DbException.java:506)
	at app//org.h2.engine.SessionRemote.readException(SessionRemote.java:637)
	at app//org.h2.engine.SessionRemote.done(SessionRemote.java:606)
	at app//org.h2.command.CommandRemote.executeUpdate(CommandRemote.java:227)
	at app//org.h2.jdbc.JdbcPreparedStatement.executeUpdateInternal(JdbcPreparedStatement.java:209)
	at app//org.h2.jdbc.JdbcPreparedStatement.executeUpdate(JdbcPreparedStatement.java:169)
	at app//org.springframework.jdbc.core.JdbcTemplate.lambda$update$2(JdbcTemplate.java:965)
	at app//org.springframework.jdbc.core.JdbcTemplate.execute(JdbcTemplate.java:651)
	... 88 more
</failure>
  </testcase>
  <system-out><![CDATA[14:56:24.280 [Test worker] DEBUG org.springframework.test.context.BootstrapUtils - Instantiating CacheAwareContextLoaderDelegate from class [org.springframework.test.context.cache.DefaultCacheAwareContextLoaderDelegate]
14:56:24.289 [Test worker] DEBUG org.springframework.test.context.BootstrapUtils - Instantiating BootstrapContext using constructor [public org.springframework.test.context.support.DefaultBootstrapContext(java.lang.Class,org.springframework.test.context.CacheAwareContextLoaderDelegate)]
14:56:24.314 [Test worker] DEBUG org.springframework.test.context.BootstrapUtils - Instantiating TestContextBootstrapper for test class [tobystudyproject.tobystudyproject.UserDaoTest] from class [org.springframework.test.context.support.DefaultTestContextBootstrapper]
14:56:24.338 [Test worker] DEBUG org.springframework.test.context.support.AbstractDelegatingSmartContextLoader - Delegating to GenericXmlContextLoader to process context configuration [ContextConfigurationAttributes@478ee483 declaringClass = 'tobystudyproject.tobystudyproject.UserDaoTest', classes = '{}', locations = '{/applicationContext.xml}', inheritLocations = true, initializers = '{}', inheritInitializers = true, name = [null], contextLoaderClass = 'org.springframework.test.context.ContextLoader'].
14:56:24.388 [Test worker] DEBUG org.springframework.test.context.support.ActiveProfilesUtils - Could not find an 'annotation declaring class' for annotation type [org.springframework.test.context.ActiveProfiles] and class [tobystudyproject.tobystudyproject.UserDaoTest]
14:56:24.389 [Test worker] DEBUG org.springframework.test.context.support.DefaultTestContextBootstrapper - @TestExecutionListeners is not present for class [tobystudyproject.tobystudyproject.UserDaoTest]: using defaults.
14:56:24.389 [Test worker] INFO org.springframework.test.context.support.DefaultTestContextBootstrapper - Loaded default TestExecutionListener class names from location [META-INF/spring.factories]: [org.springframework.boot.test.autoconfigure.restdocs.RestDocsTestExecutionListener, org.springframework.boot.test.autoconfigure.web.client.MockRestServiceServerResetTestExecutionListener, org.springframework.boot.test.autoconfigure.web.servlet.MockMvcPrintOnlyOnFailureTestExecutionListener, org.springframework.boot.test.autoconfigure.web.servlet.WebDriverTestExecutionListener, org.springframework.boot.test.autoconfigure.webservices.client.MockWebServiceServerTestExecutionListener, org.springframework.boot.test.mock.mockito.MockitoTestExecutionListener, org.springframework.boot.test.mock.mockito.ResetMocksTestExecutionListener, org.springframework.test.context.web.ServletTestExecutionListener, org.springframework.test.context.support.DirtiesContextBeforeModesTestExecutionListener, org.springframework.test.context.event.ApplicationEventsTestExecutionListener, org.springframework.test.context.support.DependencyInjectionTestExecutionListener, org.springframework.test.context.support.DirtiesContextTestExecutionListener, org.springframework.test.context.transaction.TransactionalTestExecutionListener, org.springframework.test.context.jdbc.SqlScriptsTestExecutionListener, org.springframework.test.context.event.EventPublishingTestExecutionListener]
14:56:24.410 [Test worker] INFO org.springframework.test.context.support.DefaultTestContextBootstrapper - Using TestExecutionListeners: [org.springframework.test.context.web.ServletTestExecutionListener@4e517165, org.springframework.test.context.support.DirtiesContextBeforeModesTestExecutionListener@44e3760b, org.springframework.test.context.event.ApplicationEventsTestExecutionListener@6a66a204, org.springframework.boot.test.mock.mockito.MockitoTestExecutionListener@5860f3d7, org.springframework.test.context.support.DependencyInjectionTestExecutionListener@1d7f7be7, org.springframework.test.context.support.DirtiesContextTestExecutionListener@42f3156d, org.springframework.test.context.transaction.TransactionalTestExecutionListener@1ddae9b5, org.springframework.test.context.jdbc.SqlScriptsTestExecutionListener@427b5f92, org.springframework.test.context.event.EventPublishingTestExecutionListener@24bdb479, org.springframework.boot.test.autoconfigure.restdocs.RestDocsTestExecutionListener@7e3f95fe, org.springframework.boot.test.autoconfigure.web.client.MockRestServiceServerResetTestExecutionListener@34625ccd, org.springframework.boot.test.autoconfigure.web.servlet.MockMvcPrintOnlyOnFailureTestExecutionListener@2c7d121c, org.springframework.boot.test.autoconfigure.web.servlet.WebDriverTestExecutionListener@65aa6596, org.springframework.boot.test.autoconfigure.webservices.client.MockWebServiceServerTestExecutionListener@67389cb8, org.springframework.boot.test.mock.mockito.ResetMocksTestExecutionListener@419a20a6]
14:56:24.412 [Test worker] DEBUG org.springframework.test.context.support.AbstractDirtiesContextTestExecutionListener - Before test class: context [DefaultTestContext@58670130 testClass = UserDaoTest, testInstance = [null], testMethod = [null], testException = [null], mergedContextConfiguration = [MergedContextConfiguration@74e47444 testClass = UserDaoTest, locations = '{classpath:/applicationContext.xml}', classes = '{}', contextInitializerClasses = '[]', activeProfiles = '{}', propertySourceLocations = '{}', propertySourceProperties = '{}', contextCustomizers = set[org.springframework.boot.test.autoconfigure.actuate.metrics.MetricsExportContextCustomizerFactory$DisableMetricExportContextCustomizer@306851c7, org.springframework.boot.test.autoconfigure.properties.PropertyMappingContextCustomizer@0, org.springframework.boot.test.autoconfigure.web.servlet.WebDriverContextCustomizerFactory$Customizer@3dddefd8, org.springframework.boot.test.context.filter.ExcludeFilterContextCustomizer@5316e95f, org.springframework.boot.test.json.DuplicateJsonObjectContextCustomizerFactory$DuplicateJsonObjectContextCustomizer@13c3c1e1, org.springframework.boot.test.mock.mockito.MockitoContextCustomizer@0], contextLoader = 'org.springframework.test.context.support.DelegatingSmartContextLoader', parent = [null]], attributes = map[[empty]]], class annotated with @DirtiesContext [false] with mode [null].
14:56:24.427 [Test worker] DEBUG org.springframework.test.context.support.DependencyInjectionTestExecutionListener - Performing dependency injection for test context [[DefaultTestContext@58670130 testClass = UserDaoTest, testInstance = tobystudyproject.tobystudyproject.UserDaoTest@64beebb7, testMethod = [null], testException = [null], mergedContextConfiguration = [MergedContextConfiguration@74e47444 testClass = UserDaoTest, locations = '{classpath:/applicationContext.xml}', classes = '{}', contextInitializerClasses = '[]', activeProfiles = '{}', propertySourceLocations = '{}', propertySourceProperties = '{}', contextCustomizers = set[org.springframework.boot.test.autoconfigure.actuate.metrics.MetricsExportContextCustomizerFactory$DisableMetricExportContextCustomizer@306851c7, org.springframework.boot.test.autoconfigure.properties.PropertyMappingContextCustomizer@0, org.springframework.boot.test.autoconfigure.web.servlet.WebDriverContextCustomizerFactory$Customizer@3dddefd8, org.springframework.boot.test.context.filter.ExcludeFilterContextCustomizer@5316e95f, org.springframework.boot.test.json.DuplicateJsonObjectContextCustomizerFactory$DuplicateJsonObjectContextCustomizer@13c3c1e1, org.springframework.boot.test.mock.mockito.MockitoContextCustomizer@0], contextLoader = 'org.springframework.test.context.support.DelegatingSmartContextLoader', parent = [null]], attributes = map['org.springframework.test.context.event.ApplicationEventsTestExecutionListener.recordApplicationEvents' -> false]]].
14:56:24.428 [Test worker] DEBUG org.springframework.test.context.support.AbstractDelegatingSmartContextLoader - Delegating to GenericXmlContextLoader to load context from [MergedContextConfiguration@74e47444 testClass = UserDaoTest, locations = '{classpath:/applicationContext.xml}', classes = '{}', contextInitializerClasses = '[]', activeProfiles = '{}', propertySourceLocations = '{}', propertySourceProperties = '{}', contextCustomizers = set[org.springframework.boot.test.autoconfigure.actuate.metrics.MetricsExportContextCustomizerFactory$DisableMetricExportContextCustomizer@306851c7, org.springframework.boot.test.autoconfigure.properties.PropertyMappingContextCustomizer@0, org.springframework.boot.test.autoconfigure.web.servlet.WebDriverContextCustomizerFactory$Customizer@3dddefd8, org.springframework.boot.test.context.filter.ExcludeFilterContextCustomizer@5316e95f, org.springframework.boot.test.json.DuplicateJsonObjectContextCustomizerFactory$DuplicateJsonObjectContextCustomizer@13c3c1e1, org.springframework.boot.test.mock.mockito.MockitoContextCustomizer@0], contextLoader = 'org.springframework.test.context.support.DelegatingSmartContextLoader', parent = [null]].
14:56:24.429 [Test worker] DEBUG org.springframework.test.context.support.AbstractGenericContextLoader - Loading ApplicationContext for merged context configuration [[MergedContextConfiguration@74e47444 testClass = UserDaoTest, locations = '{classpath:/applicationContext.xml}', classes = '{}', contextInitializerClasses = '[]', activeProfiles = '{}', propertySourceLocations = '{}', propertySourceProperties = '{}', contextCustomizers = set[org.springframework.boot.test.autoconfigure.actuate.metrics.MetricsExportContextCustomizerFactory$DisableMetricExportContextCustomizer@306851c7, org.springframework.boot.test.autoconfigure.properties.PropertyMappingContextCustomizer@0, org.springframework.boot.test.autoconfigure.web.servlet.WebDriverContextCustomizerFactory$Customizer@3dddefd8, org.springframework.boot.test.context.filter.ExcludeFilterContextCustomizer@5316e95f, org.springframework.boot.test.json.DuplicateJsonObjectContextCustomizerFactory$DuplicateJsonObjectContextCustomizer@13c3c1e1, org.springframework.boot.test.mock.mockito.MockitoContextCustomizer@0], contextLoader = 'org.springframework.test.context.support.DelegatingSmartContextLoader', parent = [null]]].
14:56:24.464 [Test worker] DEBUG org.springframework.core.env.StandardEnvironment - Activating profiles []
14:56:24.609 [Test worker] DEBUG org.springframework.beans.factory.xml.XmlBeanDefinitionReader - Loaded 2 bean definitions from class path resource [applicationContext.xml]
14:56:24.625 [Test worker] DEBUG org.springframework.context.support.GenericApplicationContext - Refreshing org.springframework.context.support.GenericApplicationContext@3f2ef586
14:56:24.643 [Test worker] DEBUG org.springframework.beans.factory.support.DefaultListableBeanFactory - Creating shared instance of singleton bean 'org.springframework.context.annotation.internalConfigurationAnnotationProcessor'
14:56:24.667 [Test worker] DEBUG org.springframework.beans.factory.support.DefaultListableBeanFactory - Creating shared instance of singleton bean 'org.springframework.boot.test.mock.mockito.MockitoPostProcessor'
14:56:24.681 [Test worker] DEBUG org.springframework.beans.factory.support.DefaultListableBeanFactory - Creating shared instance of singleton bean 'org.springframework.context.event.internalEventListenerProcessor'
14:56:24.682 [Test worker] DEBUG org.springframework.beans.factory.support.DefaultListableBeanFactory - Creating shared instance of singleton bean 'org.springframework.context.event.internalEventListenerFactory'
14:56:24.683 [Test worker] DEBUG org.springframework.beans.factory.support.DefaultListableBeanFactory - Creating shared instance of singleton bean 'org.springframework.context.annotation.internalAutowiredAnnotationProcessor'
14:56:24.684 [Test worker] DEBUG org.springframework.beans.factory.support.DefaultListableBeanFactory - Creating shared instance of singleton bean 'org.springframework.context.annotation.internalCommonAnnotationProcessor'
14:56:24.689 [Test worker] DEBUG org.springframework.beans.factory.support.DefaultListableBeanFactory - Creating shared instance of singleton bean 'org.springframework.boot.test.mock.mockito.MockitoPostProcessor$SpyPostProcessor'
14:56:24.695 [Test worker] DEBUG org.springframework.beans.factory.support.DefaultListableBeanFactory - Creating shared instance of singleton bean 'userDao'
14:56:24.722 [Test worker] DEBUG org.springframework.beans.factory.support.DefaultListableBeanFactory - Creating shared instance of singleton bean 'dataSource'
14:56:24.748 [Test worker] DEBUG org.springframework.test.context.cache.DefaultCacheAwareContextLoaderDelegate - Storing ApplicationContext [1060042118] in cache under key [[MergedContextConfiguration@74e47444 testClass = UserDaoTest, locations = '{classpath:/applicationContext.xml}', classes = '{}', contextInitializerClasses = '[]', activeProfiles = '{}', propertySourceLocations = '{}', propertySourceProperties = '{}', contextCustomizers = set[org.springframework.boot.test.autoconfigure.actuate.metrics.MetricsExportContextCustomizerFactory$DisableMetricExportContextCustomizer@306851c7, org.springframework.boot.test.autoconfigure.properties.PropertyMappingContextCustomizer@0, org.springframework.boot.test.autoconfigure.web.servlet.WebDriverContextCustomizerFactory$Customizer@3dddefd8, org.springframework.boot.test.context.filter.ExcludeFilterContextCustomizer@5316e95f, org.springframework.boot.test.json.DuplicateJsonObjectContextCustomizerFactory$DuplicateJsonObjectContextCustomizer@13c3c1e1, org.springframework.boot.test.mock.mockito.MockitoContextCustomizer@0], contextLoader = 'org.springframework.test.context.support.DelegatingSmartContextLoader', parent = [null]]]
14:56:24.749 [Test worker] DEBUG org.springframework.test.context.cache - Spring test ApplicationContext cache statistics: [DefaultContextCache@6569dded size = 1, maxSize = 32, parentContextCount = 0, hitCount = 0, missCount = 1]
14:56:24.758 [Test worker] DEBUG org.springframework.test.context.cache.DefaultCacheAwareContextLoaderDelegate - Retrieved ApplicationContext [1060042118] from cache with key [[MergedContextConfiguration@74e47444 testClass = UserDaoTest, locations = '{classpath:/applicationContext.xml}', classes = '{}', contextInitializerClasses = '[]', activeProfiles = '{}', propertySourceLocations = '{}', propertySourceProperties = '{}', contextCustomizers = set[org.springframework.boot.test.autoconfigure.actuate.metrics.MetricsExportContextCustomizerFactory$DisableMetricExportContextCustomizer@306851c7, org.springframework.boot.test.autoconfigure.properties.PropertyMappingContextCustomizer@0, org.springframework.boot.test.autoconfigure.web.servlet.WebDriverContextCustomizerFactory$Customizer@3dddefd8, org.springframework.boot.test.context.filter.ExcludeFilterContextCustomizer@5316e95f, org.springframework.boot.test.json.DuplicateJsonObjectContextCustomizerFactory$DuplicateJsonObjectContextCustomizer@13c3c1e1, org.springframework.boot.test.mock.mockito.MockitoContextCustomizer@0], contextLoader = 'org.springframework.test.context.support.DelegatingSmartContextLoader', parent = [null]]]
14:56:24.758 [Test worker] DEBUG org.springframework.test.context.cache - Spring test ApplicationContext cache statistics: [DefaultContextCache@6569dded size = 1, maxSize = 32, parentContextCount = 0, hitCount = 1, missCount = 1]
14:56:24.763 [Test worker] DEBUG org.springframework.test.context.support.AbstractDirtiesContextTestExecutionListener - Before test method: context [DefaultTestContext@58670130 testClass = UserDaoTest, testInstance = tobystudyproject.tobystudyproject.UserDaoTest@64beebb7, testMethod = getAll@UserDaoTest, testException = [null], mergedContextConfiguration = [MergedContextConfiguration@74e47444 testClass = UserDaoTest, locations = '{classpath:/applicationContext.xml}', classes = '{}', contextInitializerClasses = '[]', activeProfiles = '{}', propertySourceLocations = '{}', propertySourceProperties = '{}', contextCustomizers = set[org.springframework.boot.test.autoconfigure.actuate.metrics.MetricsExportContextCustomizerFactory$DisableMetricExportContextCustomizer@306851c7, org.springframework.boot.test.autoconfigure.properties.PropertyMappingContextCustomizer@0, org.springframework.boot.test.autoconfigure.web.servlet.WebDriverContextCustomizerFactory$Customizer@3dddefd8, org.springframework.boot.test.context.filter.ExcludeFilterContextCustomizer@5316e95f, org.springframework.boot.test.json.DuplicateJsonObjectContextCustomizerFactory$DuplicateJsonObjectContextCustomizer@13c3c1e1, org.springframework.boot.test.mock.mockito.MockitoContextCustomizer@0], contextLoader = 'org.springframework.test.context.support.DelegatingSmartContextLoader', parent = [null]], attributes = map['org.springframework.test.context.event.ApplicationEventsTestExecutionListener.recordApplicationEvents' -> false]], class annotated with @DirtiesContext [false] with mode [null], method annotated with @DirtiesContext [false] with mode [null].
[...]
14:56:25.394 [Test worker] DEBUG org.springframework.test.context.cache - Spring test ApplicationContext cache statistics: [DefaultContextCache@6569dded size = 1, maxSize = 32, parentContextCount = 0, hitCount = 26, missCount = 1]
14:56:25.395 [Test worker] DEBUG org.springframework.jdbc.core.JdbcTemplate - Executing prepared SQL update
14:56:25.395 [Test worker] DEBUG org.springframework.jdbc.core.JdbcTemplate - Executing prepared SQL statement
14:56:25.395 [Test worker] DEBUG org.springframework.jdbc.datasource.DataSourceUtils - Fetching JDBC Connection from DataSource
14:56:25.395 [Test worker] DEBUG org.springframework.jdbc.datasource.SimpleDriverDataSource - Creating new JDBC Driver Connection to [jdbc:h2:tcp://localhost/~/toby]
14:56:25.401 [Test worker] DEBUG org.springframework.jdbc.core.JdbcTemplate - Executing prepared SQL query
14:56:25.401 [Test worker] DEBUG org.springframework.jdbc.core.JdbcTemplate - Executing prepared SQL statement
14:56:25.401 [Test worker] DEBUG org.springframework.jdbc.datasource.DataSourceUtils - Fetching JDBC Connection from DataSource
14:56:25.401 [Test worker] DEBUG org.springframework.jdbc.datasource.SimpleDriverDataSource - Creating new JDBC Driver Connection to [jdbc:h2:tcp://localhost/~/toby]
14:56:25.420 [Test worker] DEBUG org.springframework.jdbc.core.JdbcTemplate - Executing prepared SQL update
14:56:25.420 [Test worker] DEBUG org.springframework.jdbc.core.JdbcTemplate - Executing prepared SQL statement [insert into user (id, name, password, level, login, recommend) values(?,?,?,?,?,?)]
14:56:25.420 [Test worker] DEBUG org.springframework.jdbc.datasource.DataSourceUtils - Fetching JDBC Connection from DataSource
14:56:25.420 [Test worker] DEBUG org.springframework.jdbc.datasource.SimpleDriverDataSource - Creating new JDBC Driver Connection to [jdbc:h2:tcp://localhost/~/toby]
14:56:25.444 [Test worker] DEBUG org.springframework.jdbc.support.SQLErrorCodeSQLExceptionTranslator - Translating SQLException with SQL state '22018', error code '22018', message [Data conversion error converting "X'aced00057e720027746f6279737475647970726f6a6563742e746f6279737475647970726f6a6563742e4c6576656c00000000000000001200007872000e6a6176612e6c616e672e456e756d000000000000000012000078707400054241534943' (USER: ""LEVEL"" NUMBER)"; SQL statement:
insert into user (id, name, password, level, login, recommend) values(?,?,?,?,?,?) [22018-214]]; SQL was [insert into user (id, name, password, level, login, recommend) values(?,?,?,?,?,?)] for task [PreparedStatementCallback]
14:56:25.445 [Test worker] DEBUG org.springframework.test.context.cache.DefaultCacheAwareContextLoaderDelegate - Retrieved ApplicationContext [1060042118] from cache with key [[MergedContextConfiguration@74e47444 testClass = UserDaoTest, locations = '{classpath:/applicationContext.xml}', classes = '{}', contextInitializerClasses = '[]', activeProfiles = '{}', propertySourceLocations = '{}', propertySourceProperties = '{}', contextCustomizers = set[org.springframework.boot.test.autoconfigure.actuate.metrics.MetricsExportContextCustomizerFactory$DisableMetricExportContextCustomizer@306851c7, org.springframework.boot.test.autoconfigure.properties.PropertyMappingContextCustomizer@0, org.springframework.boot.test.autoconfigure.web.servlet.WebDriverContextCustomizerFactory$Customizer@3dddefd8, org.springframework.boot.test.context.filter.ExcludeFilterContextCustomizer@5316e95f, org.springframework.boot.test.json.DuplicateJsonObjectContextCustomizerFactory$DuplicateJsonObjectContextCustomizer@13c3c1e1, org.springframework.boot.test.mock.mockito.MockitoContextCustomizer@0], contextLoader = 'org.springframework.test.context.support.DelegatingSmartContextLoader', parent = [null]]]
14:56:25.445 [Test worker] DEBUG org.springframework.test.context.cache - Spring test ApplicationContext cache statistics: [DefaultContextCache@6569dded size = 1, maxSize = 32, parentContextCount = 0, hitCount = 27, missCount = 1]
14:56:25.445 [Test worker] DEBUG org.springframework.test.context.cache.DefaultCacheAwareContextLoaderDelegate - Retrieved ApplicationContext [1060042118] from cache with key [[MergedContextConfiguration@74e47444 testClass = UserDaoTest, locations = '{classpath:/applicationContext.xml}', classes = '{}', contextInitializerClasses = '[]', activeProfiles = '{}', propertySourceLocations = '{}', propertySourceProperties = '{}', contextCustomizers = set[org.springframework.boot.test.autoconfigure.actuate.metrics.MetricsExportContextCustomizerFactory$DisableMetricExportContextCustomizer@306851c7, org.springframework.boot.test.autoconfigure.properties.PropertyMappingContextCustomizer@0, org.springframework.boot.test.autoconfigure.web.servlet.WebDriverContextCustomizerFactory$Customizer@3dddefd8, org.springframework.boot.test.context.filter.ExcludeFilterContextCustomizer@5316e95f, org.springframework.boot.test.json.DuplicateJsonObjectContextCustomizerFactory$DuplicateJsonObjectContextCustomizer@13c3c1e1, org.springframework.boot.test.mock.mockito.MockitoContextCustomizer@0], contextLoader = 'org.springframework.test.context.support.DelegatingSmartContextLoader', parent = [null]]]
14:56:25.445 [Test worker] DEBUG org.springframework.test.context.cache - Spring test ApplicationContext cache statistics: [DefaultContextCache@6569dded size = 1, maxSize = 32, parentContextCount = 0, hitCount = 28, missCount = 1]
14:56:25.446 [Test worker] DEBUG org.springframework.test.context.cache.DefaultCacheAwareContextLoaderDelegate - Retrieved ApplicationContext [1060042118] from cache with key [[MergedContextConfiguration@74e47444 testClass = UserDaoTest, locations = '{classpath:/applicationContext.xml}', classes = '{}', contextInitializerClasses = '[]', activeProfiles = '{}', propertySourceLocations = '{}', propertySourceProperties = '{}', contextCustomizers = set[org.springframework.boot.test.autoconfigure.actuate.metrics.MetricsExportContextCustomizerFactory$DisableMetricExportContextCustomizer@306851c7, org.springframework.boot.test.autoconfigure.properties.PropertyMappingContextCustomizer@0, org.springframework.boot.test.autoconfigure.web.servlet.WebDriverContextCustomizerFactory$Customizer@3dddefd8, org.springframework.boot.test.context.filter.ExcludeFilterContextCustomizer@5316e95f, org.springframework.boot.test.json.DuplicateJsonObjectContextCustomizerFactory$DuplicateJsonObjectContextCustomizer@13c3c1e1, org.springframework.boot.test.mock.mockito.MockitoContextCustomizer@0], contextLoader = 'org.springframework.test.context.support.DelegatingSmartContextLoader', parent = [null]]]
14:56:25.446 [Test worker] DEBUG org.springframework.test.context.cache - Spring test ApplicationContext cache statistics: [DefaultContextCache@6569dded size = 1, maxSize = 32, parentContextCount = 0, hitCount = 29, missCount = 1]
14:56:25.446 [Test worker] DEBUG org.springframework.test.context.cache.DefaultCacheAwareContextLoaderDelegate - Retrieved ApplicationContext [1060042118] from cache with key [[MergedContextConfiguration@74e47444 testClass = UserDaoTest, locations = '{classpath:/applicationContext.xml}', classes = '{}', contextInitializerClasses = '[]', activeProfiles = '{}', propertySourceLocations = '{}', propertySourceProperties = '{}', contextCustomizers = set[org.springframework.boot.test.autoconfigure.actuate.metrics.MetricsExportContextCustomizerFactory$DisableMetricExportContextCustomizer@306851c7, org.springframework.boot.test.autoconfigure.properties.PropertyMappingContextCustomizer@0, org.springframework.boot.test.autoconfigure.web.servlet.WebDriverContextCustomizerFactory$Customizer@3dddefd8, org.springframework.boot.test.context.filter.ExcludeFilterContextCustomizer@5316e95f, org.springframework.boot.test.json.DuplicateJsonObjectContextCustomizerFactory$DuplicateJsonObjectContextCustomizer@13c3c1e1, org.springframework.boot.test.mock.mockito.MockitoContextCustomizer@0], contextLoader = 'org.springframework.test.context.support.DelegatingSmartContextLoader', parent = [null]]]
14:56:25.447 [Test worker] DEBUG org.springframework.test.context.cache - Spring test ApplicationContext cache statistics: [DefaultContextCache@6569dded size = 1, maxSize = 32, parentContextCount = 0, hitCount = 30, missCount = 1]
14:56:25.447 [Test worker] DEBUG org.springframework.test.context.cache.DefaultCacheAwareContextLoaderDelegate - Retrieved ApplicationContext [1060042118] from cache with key [[MergedContextConfiguration@74e47444 testClass = UserDaoTest, locations = '{classpath:/applicationContext.xml}', classes = '{}', contextInitializerClasses = '[]', activeProfiles = '{}', propertySourceLocations = '{}', propertySourceProperties = '{}', contextCustomizers = set[org.springframework.boot.test.autoconfigure.actuate.metrics.MetricsExportContextCustomizerFactory$DisableMetricExportContextCustomizer@306851c7, org.springframework.boot.test.autoconfigure.properties.PropertyMappingContextCustomizer@0, org.springframework.boot.test.autoconfigure.web.servlet.WebDriverContextCustomizerFactory$Customizer@3dddefd8, org.springframework.boot.test.context.filter.ExcludeFilterContextCustomizer@5316e95f, org.springframework.boot.test.json.DuplicateJsonObjectContextCustomizerFactory$DuplicateJsonObjectContextCustomizer@13c3c1e1, org.springframework.boot.test.mock.mockito.MockitoContextCustomizer@0], contextLoader = 'org.springframework.test.context.support.DelegatingSmartContextLoader', parent = [null]]]
14:56:25.447 [Test worker] DEBUG org.springframework.test.context.cache - Spring test ApplicationContext cache statistics: [DefaultContextCache@6569dded size = 1, maxSize = 32, parentContextCount = 0, hitCount = 31, missCount = 1]
14:56:25.448 [Test worker] DEBUG org.springframework.test.context.cache.DefaultCacheAwareContextLoaderDelegate - Retrieved ApplicationContext [1060042118] from cache with key [[MergedContextConfiguration@74e47444 testClass = UserDaoTest, locations = '{classpath:/applicationContext.xml}', classes = '{}', contextInitializerClasses = '[]', activeProfiles = '{}', propertySourceLocations = '{}', propertySourceProperties = '{}', contextCustomizers = set[org.springframework.boot.test.autoconfigure.actuate.metrics.MetricsExportContextCustomizerFactory$DisableMetricExportContextCustomizer@306851c7, org.springframework.boot.test.autoconfigure.properties.PropertyMappingContextCustomizer@0, org.springframework.boot.test.autoconfigure.web.servlet.WebDriverContextCustomizerFactory$Customizer@3dddefd8, org.springframework.boot.test.context.filter.ExcludeFilterContextCustomizer@5316e95f, org.springframework.boot.test.json.DuplicateJsonObjectContextCustomizerFactory$DuplicateJsonObjectContextCustomizer@13c3c1e1, org.springframework.boot.test.mock.mockito.MockitoContextCustomizer@0], contextLoader = 'org.springframework.test.context.support.DelegatingSmartContextLoader', parent = [null]]]
14:56:25.448 [Test worker] DEBUG org.springframework.test.context.cache - Spring test ApplicationContext cache statistics: [DefaultContextCache@6569dded size = 1, maxSize = 32, parentContextCount = 0, hitCount = 32, missCount = 1]
14:56:25.449 [Test worker] DEBUG org.springframework.test.context.support.AbstractDirtiesContextTestExecutionListener - After test method: context [DefaultTestContext@58670130 testClass = UserDaoTest, testInstance = tobystudyproject.tobystudyproject.UserDaoTest@6d11ceef, testMethod = count@UserDaoTest, testException = org.springframework.dao.DataIntegrityViolationException: PreparedStatementCallback; SQL [insert into user (id, name, password, level, login, recommend) values(?,?,?,?,?,?)]; Data conversion error converting "X'aced00057e720027746f6279737475647970726f6a6563742e746f6279737475647970726f6a6563742e4c6576656c00000000000000001200007872000e6a6176612e6c616e672e456e756d000000000000000012000078707400054241534943' (USER: ""LEVEL"" NUMBER)"; SQL statement:
insert into user (id, name, password, level, login, recommend) values(?,?,?,?,?,?) [22018-214]; nested exception is org.h2.jdbc.JdbcSQLDataException: Data conversion error converting "X'aced00057e720027746f6279737475647970726f6a6563742e746f6279737475647970726f6a6563742e4c6576656c00000000000000001200007872000e6a6176612e6c616e672e456e756d000000000000000012000078707400054241534943' (USER: ""LEVEL"" NUMBER)"; SQL statement:
insert into user (id, name, password, level, login, recommend) values(?,?,?,?,?,?) [22018-200]
	at org.h2.message.DbException.getJdbcSQLException(DbException.java:457)
	at org.h2.message.DbException.getJdbcSQLException(DbException.java:429)
	at org.h2.message.DbException.get(DbException.java:194)
	at org.h2.table.Column.getDataConversionError(Column.java:409)
	at org.h2.table.Column.validateConvertUpdateSequence(Column.java:381)
	at org.h2.table.Table.validateConvertUpdateSequence(Table.java:845)
	at org.h2.command.dml.Insert.insertRows(Insert.java:187)
	at org.h2.command.dml.Insert.update(Insert.java:151)
	at org.h2.command.CommandContainer.update(CommandContainer.java:198)
	at org.h2.command.Command.executeUpdate(Command.java:251)
	at org.h2.server.TcpServerThread.process(TcpServerThread.java:406)
	at org.h2.server.TcpServerThread.run(TcpServerThread.java:183)
	at java.base/java.lang.Thread.run(Thread.java:834)
Caused by: org.h2.message.DbException: Data conversion error converting "aced00057e720027746f6279737475647970726f6a6563742e746f6279737475647970726f6a6563742e4c6576656c00000000000000001200007872000e6a6176612e6c616e672e456e756d000000000000000012000078707400054241534943" [22018-200]
	at org.h2.message.DbException.get(DbException.java:194)
	at org.h2.value.Value.convertTo(Value.java:875)
	at org.h2.value.Value.convertTo(Value.java:772)
	at org.h2.value.TypeInfo.cast(TypeInfo.java:515)
	at org.h2.table.Column.validateConvertUpdateSequence(Column.java:378)
	... 8 more
Caused by: org.h2.jdbc.JdbcSQLDataException: Data conversion error converting "aced00057e720027746f6279737475647970726f6a6563742e746f6279737475647970726f6a6563742e4c6576656c00000000000000001200007872000e6a6176612e6c616e672e456e756d000000000000000012000078707400054241534943" [22018-200]
	at org.h2.message.DbException.getJdbcSQLException(DbException.java:457)
	at org.h2.message.DbException.getJdbcSQLException(DbException.java:429)
	... 13 more
Caused by: java.lang.NumberFormatException: Character array is missing "e" notation exponential mark.
	at java.base/java.math.BigDecimal.<init>(BigDecimal.java:577)
	at java.base/java.math.BigDecimal.<init>(BigDecimal.java:401)
	at java.base/java.math.BigDecimal.<init>(BigDecimal.java:834)
	at org.h2.value.Value.convertToDecimal(Value.java:1031)
	at org.h2.value.Value.convertTo(Value.java:810)
	... 11 more
, mergedContextConfiguration = [MergedContextConfiguration@74e47444 testClass = UserDaoTest, locations = '{classpath:/applicationContext.xml}', classes = '{}', contextInitializerClasses = '[]', activeProfiles = '{}', propertySourceLocations = '{}', propertySourceProperties = '{}', contextCustomizers = set[org.springframework.boot.test.autoconfigure.actuate.metrics.MetricsExportContextCustomizerFactory$DisableMetricExportContextCustomizer@306851c7, org.springframework.boot.test.autoconfigure.properties.PropertyMappingContextCustomizer@0, org.springframework.boot.test.autoconfigure.web.servlet.WebDriverContextCustomizerFactory$Customizer@3dddefd8, org.springframework.boot.test.context.filter.ExcludeFilterContextCustomizer@5316e95f, org.springframework.boot.test.json.DuplicateJsonObjectContextCustomizerFactory$DuplicateJsonObjectContextCustomizer@13c3c1e1, org.springframework.boot.test.mock.mockito.MockitoContextCustomizer@0], contextLoader = 'org.springframework.test.context.support.DelegatingSmartContextLoader', parent = [null]], attributes = map['org.springframework.test.context.event.ApplicationEventsTestExecutionListener.recordApplicationEvents' -> false]], class annotated with @DirtiesContext [false] with mode [null], method annotated with @DirtiesContext [false] with mode [null].
14:56:25.452 [Test worker] DEBUG org.springframework.test.context.cache.DefaultCacheAwareContextLoaderDelegate - Retrieved ApplicationContext [1060042118] from cache with key [[MergedContextConfiguration@74e47444 testClass = UserDaoTest, locations = '{classpath:/applicationContext.xml}', classes = '{}', contextInitializerClasses = '[]', activeProfiles = '{}', propertySourceLocations = '{}', propertySourceProperties = '{}', contextCustomizers = set[org.springframework.boot.test.autoconfigure.actuate.metrics.MetricsExportContextCustomizerFactory$DisableMetricExportContextCustomizer@306851c7, org.springframework.boot.test.autoconfigure.properties.PropertyMappingContextCustomizer@0, org.springframework.boot.test.autoconfigure.web.servlet.WebDriverContextCustomizerFactory$Customizer@3dddefd8, org.springframework.boot.test.context.filter.ExcludeFilterContextCustomizer@5316e95f, org.springframework.boot.test.json.DuplicateJsonObjectContextCustomizerFactory$DuplicateJsonObjectContextCustomizer@13c3c1e1, org.springframework.boot.test.mock.mockito.MockitoContextCustomizer@0], contextLoader = 'org.springframework.test.context.support.DelegatingSmartContextLoader', parent = [null]]]
14:56:25.452 [Test worker] DEBUG org.springframework.test.context.cache - Spring test ApplicationContext cache statistics: [DefaultContextCache@6569dded size = 1, maxSize = 32, parentContextCount = 0, hitCount = 33, missCount = 1]
14:56:25.453 [Test worker] DEBUG org.springframework.test.context.support.AbstractDirtiesContextTestExecutionListener - After test class: context [DefaultTestContext@58670130 testClass = UserDaoTest, testInstance = [null], testMethod = [null], testException = [null], mergedContextConfiguration = [MergedContextConfiguration@74e47444 testClass = UserDaoTest, locations = '{classpath:/applicationContext.xml}', classes = '{}', contextInitializerClasses = '[]', activeProfiles = '{}', propertySourceLocations = '{}', propertySourceProperties = '{}', contextCustomizers = set[org.springframework.boot.test.autoconfigure.actuate.metrics.MetricsExportContextCustomizerFactory$DisableMetricExportContextCustomizer@306851c7, org.springframework.boot.test.autoconfigure.properties.PropertyMappingContextCustomizer@0, org.springframework.boot.test.autoconfigure.web.servlet.WebDriverContextCustomizerFactory$Customizer@3dddefd8, org.springframework.boot.test.context.filter.ExcludeFilterContextCustomizer@5316e95f, org.springframework.boot.test.json.DuplicateJsonObjectContextCustomizerFactory$DuplicateJsonObjectContextCustomizer@13c3c1e1, org.springframework.boot.test.mock.mockito.MockitoContextCustomizer@0], contextLoader = 'org.springframework.test.context.support.DelegatingSmartContextLoader', parent = [null]], attributes = map['org.springframework.test.context.event.ApplicationEventsTestExecutionListener.recordApplicationEvents' -> false]], class annotated with @DirtiesContext [false] with mode [null].
]]></system-out>
  <system-err><![CDATA[]]></system-err>
</testsuite>
